<?xml version="1.0" encoding="UTF-8"?>
<!-- Generated by org.testng.reporters.JUnitXMLReporter -->
<testsuite hostname="e201-ThinkCentre-M71z" name="Command line test" tests="101" failures="0" timestamp="2 Sep 2014 00:34:11 GMT" time="5.121" errors="0">
  <testcase name="debeCrearUnBufferDeLaImagen" time="0.046" classname="co.edu.uelbosque.controller.TestFileManager"/>
  <testcase name="verificaQuelasInstanciasSenIguales" time="0.007" classname="co.edu.uelbosque.controller.TestFileManager"/>
  <testcase name="verificaQuelasInstanciasSenIguales" time="0.006" classname="co.edu.uelbosque.controller.TestFileManager"/>
  <testcase name="verificaQuelasInstanciasSenIguales" time="0.117" classname="co.edu.uelbosque.controller.TestFileManager"/>
  <testcase name="verificaQuelasInstanciasSenIguales" time="0.116" classname="co.edu.uelbosque.controller.TestFileManager"/>
  <testcase name="verificaQuelasInstanciasSenIguales" time="0.117" classname="co.edu.uelbosque.controller.TestFileManager"/>
  <testcase name="verificaQuelasInstanciasSenIguales" time="0.12" classname="co.edu.uelbosque.controller.TestFileManager"/>
  <testcase name="verificaQuelasInstanciasSenIguales" time="0.121" classname="co.edu.uelbosque.controller.TestFileManager"/>
  <testcase name="verificaQuelasInstanciasSenIguales" time="0.369" classname="co.edu.uelbosque.controller.TestFileManager"/>
  <testcase name="verificaQuelasInstanciasSenIguales" time="0.372" classname="co.edu.uelbosque.controller.TestFileManager"/>
  <testcase name="verificaQuelasInstanciasSenIguales" time="0.482" classname="co.edu.uelbosque.controller.TestFileManager"/>
  <testcase name="verificaQuelasInstanciasSenIguales" time="0.482" classname="co.edu.uelbosque.controller.TestFileManager"/>
  <testcase name="verificaQuelasInstanciasSenIguales" time="0.487" classname="co.edu.uelbosque.controller.TestFileManager"/>
  <testcase name="verificaQuelasInstanciasSenIguales" time="0.486" classname="co.edu.uelbosque.controller.TestFileManager"/>
  <testcase name="verificaQuelasInstanciasSenIguales" time="0.487" classname="co.edu.uelbosque.controller.TestFileManager"/>
  <testcase name="verificaQuelasInstanciasSenIguales" time="0.619" classname="co.edu.uelbosque.controller.TestFileManager"/>
  <testcase name="verificaQuelasInstanciasSenIguales" time="0.623" classname="co.edu.uelbosque.controller.TestFileManager"/>
  <testcase name="verificaQuelasInstanciasSenIguales" time="0.733" classname="co.edu.uelbosque.controller.TestFileManager"/>
  <testcase name="verificaQuelasInstanciasSenIguales" time="0.732" classname="co.edu.uelbosque.controller.TestFileManager"/>
  <testcase name="verificaQuelasInstanciasSenIguales" time="0.733" classname="co.edu.uelbosque.controller.TestFileManager"/>
  <testcase name="verificaQuelasInstanciasSenIguales" time="0.87" classname="co.edu.uelbosque.controller.TestFileManager"/>
  <testcase name="verificaQuelasInstanciasSenIguales" time="0.983" classname="co.edu.uelbosque.controller.TestFileManager"/>
  <testcase name="verificaQuelasInstanciasSenIguales" time="0.989" classname="co.edu.uelbosque.controller.TestFileManager"/>
  <testcase name="verificaQuelasInstanciasSenIguales" time="1.011" classname="co.edu.uelbosque.controller.TestFileManager"/>
  <testcase name="verificaQuelasInstanciasSenIguales" time="1.381" classname="co.edu.uelbosque.controller.TestFileManager"/>
  <testcase name="verificaQuelasInstanciasSenIguales" time="1.488" classname="co.edu.uelbosque.controller.TestFileManager"/>
  <testcase name="verificaQuelasInstanciasSenIguales" time="1.491" classname="co.edu.uelbosque.controller.TestFileManager"/>
  <testcase name="verificaQuelasInstanciasSenIguales" time="1.513" classname="co.edu.uelbosque.controller.TestFileManager"/>
  <testcase name="verificaQuelasInstanciasSenIguales" time="1.717" classname="co.edu.uelbosque.controller.TestFileManager"/>
  <testcase name="verificaQuelasInstanciasSenIguales" time="1.717" classname="co.edu.uelbosque.controller.TestFileManager"/>
  <testcase name="verificaQuelasInstanciasSenIguales" time="1.738" classname="co.edu.uelbosque.controller.TestFileManager"/>
  <testcase name="verificaQuelasInstanciasSenIguales" time="1.763" classname="co.edu.uelbosque.controller.TestFileManager"/>
  <testcase name="verificaQuelasInstanciasSenIguales" time="1.857" classname="co.edu.uelbosque.controller.TestFileManager"/>
  <testcase name="verificaQuelasInstanciasSenIguales" time="1.856" classname="co.edu.uelbosque.controller.TestFileManager"/>
  <testcase name="verificaQuelasInstanciasSenIguales" time="1.857" classname="co.edu.uelbosque.controller.TestFileManager"/>
  <testcase name="verificaQuelasInstanciasSenIguales" time="1.989" classname="co.edu.uelbosque.controller.TestFileManager"/>
  <testcase name="verificaQuelasInstanciasSenIguales" time="1.992" classname="co.edu.uelbosque.controller.TestFileManager"/>
  <testcase name="verificaQuelasInstanciasSenIguales" time="2.108" classname="co.edu.uelbosque.controller.TestFileManager"/>
  <testcase name="verificaQuelasInstanciasSenIguales" time="2.24" classname="co.edu.uelbosque.controller.TestFileManager"/>
  <testcase name="verificaQuelasInstanciasSenIguales" time="2.239" classname="co.edu.uelbosque.controller.TestFileManager"/>
  <testcase name="verificaQuelasInstanciasSenIguales" time="2.239" classname="co.edu.uelbosque.controller.TestFileManager"/>
  <testcase name="verificaQuelasInstanciasSenIguales" time="2.244" classname="co.edu.uelbosque.controller.TestFileManager"/>
  <testcase name="verificaQuelasInstanciasSenIguales" time="2.355" classname="co.edu.uelbosque.controller.TestFileManager"/>
  <testcase name="verificaQuelasInstanciasSenIguales" time="2.354" classname="co.edu.uelbosque.controller.TestFileManager"/>
  <testcase name="verificaQuelasInstanciasSenIguales" time="2.49" classname="co.edu.uelbosque.controller.TestFileManager"/>
  <testcase name="verificaQuelasInstanciasSenIguales" time="2.491" classname="co.edu.uelbosque.controller.TestFileManager"/>
  <testcase name="verificaQuelasInstanciasSenIguales" time="2.491" classname="co.edu.uelbosque.controller.TestFileManager"/>
  <testcase name="verificaQuelasInstanciasSenIguales" time="2.606" classname="co.edu.uelbosque.controller.TestFileManager"/>
  <testcase name="verificaQuelasInstanciasSenIguales" time="2.605" classname="co.edu.uelbosque.controller.TestFileManager"/>
  <testcase name="verificaQuelasInstanciasSenIguales" time="2.609" classname="co.edu.uelbosque.controller.TestFileManager"/>
  <testcase name="verificaQuelasInstanciasSenIguales" time="2.61" classname="co.edu.uelbosque.controller.TestFileManager"/>
  <testcase name="verificaQuelasInstanciasSenIguales" time="2.742" classname="co.edu.uelbosque.controller.TestFileManager"/>
  <testcase name="verificaQuelasInstanciasSenIguales" time="2.741" classname="co.edu.uelbosque.controller.TestFileManager"/>
  <testcase name="verificaQuelasInstanciasSenIguales" time="2.742" classname="co.edu.uelbosque.controller.TestFileManager"/>
  <testcase name="verificaQuelasInstanciasSenIguales" time="2.746" classname="co.edu.uelbosque.controller.TestFileManager"/>
  <testcase name="verificaQuelasInstanciasSenIguales" time="2.992" classname="co.edu.uelbosque.controller.TestFileManager"/>
  <testcase name="verificaQuelasInstanciasSenIguales" time="2.993" classname="co.edu.uelbosque.controller.TestFileManager"/>
  <testcase name="verificaQuelasInstanciasSenIguales" time="2.997" classname="co.edu.uelbosque.controller.TestFileManager"/>
  <testcase name="verificaQuelasInstanciasSenIguales" time="3.108" classname="co.edu.uelbosque.controller.TestFileManager"/>
  <testcase name="verificaQuelasInstanciasSenIguales" time="3.108" classname="co.edu.uelbosque.controller.TestFileManager"/>
  <testcase name="verificaQuelasInstanciasSenIguales" time="3.109" classname="co.edu.uelbosque.controller.TestFileManager"/>
  <testcase name="verificaQuelasInstanciasSenIguales" time="3.111" classname="co.edu.uelbosque.controller.TestFileManager"/>
  <testcase name="verificaQuelasInstanciasSenIguales" time="3.111" classname="co.edu.uelbosque.controller.TestFileManager"/>
  <testcase name="verificaQuelasInstanciasSenIguales" time="3.134" classname="co.edu.uelbosque.controller.TestFileManager"/>
  <testcase name="verificaQuelasInstanciasSenIguales" time="3.134" classname="co.edu.uelbosque.controller.TestFileManager"/>
  <testcase name="verificaQuelasInstanciasSenIguales" time="3.243" classname="co.edu.uelbosque.controller.TestFileManager"/>
  <testcase name="verificaQuelasInstanciasSenIguales" time="3.249" classname="co.edu.uelbosque.controller.TestFileManager"/>
  <testcase name="verificaQuelasInstanciasSenIguales" time="3.385" classname="co.edu.uelbosque.controller.TestFileManager"/>
  <testcase name="verificaQuelasInstanciasSenIguales" time="3.385" classname="co.edu.uelbosque.controller.TestFileManager"/>
  <testcase name="verificaQuelasInstanciasSenIguales" time="3.384" classname="co.edu.uelbosque.controller.TestFileManager"/>
  <testcase name="verificaQuelasInstanciasSenIguales" time="3.588" classname="co.edu.uelbosque.controller.TestFileManager"/>
  <testcase name="verificaQuelasInstanciasSenIguales" time="3.637" classname="co.edu.uelbosque.controller.TestFileManager"/>
  <testcase name="verificaQuelasInstanciasSenIguales" time="3.637" classname="co.edu.uelbosque.controller.TestFileManager"/>
  <testcase name="verificaQuelasInstanciasSenIguales" time="3.636" classname="co.edu.uelbosque.controller.TestFileManager"/>
  <testcase name="verificaQuelasInstanciasSenIguales" time="3.86" classname="co.edu.uelbosque.controller.TestFileManager"/>
  <testcase name="verificaQuelasInstanciasSenIguales" time="3.866" classname="co.edu.uelbosque.controller.TestFileManager"/>
  <testcase name="verificaQuelasInstanciasSenIguales" time="3.98" classname="co.edu.uelbosque.controller.TestFileManager"/>
  <testcase name="verificaQuelasInstanciasSenIguales" time="4.006" classname="co.edu.uelbosque.controller.TestFileManager"/>
  <testcase name="verificaQuelasInstanciasSenIguales" time="4.115" classname="co.edu.uelbosque.controller.TestFileManager"/>
  <testcase name="verificaQuelasInstanciasSenIguales" time="4.117" classname="co.edu.uelbosque.controller.TestFileManager"/>
  <testcase name="verificaQuelasInstanciasSenIguales" time="4.139" classname="co.edu.uelbosque.controller.TestFileManager"/>
  <testcase name="verificaQuelasInstanciasSenIguales" time="4.139" classname="co.edu.uelbosque.controller.TestFileManager"/>
  <testcase name="verificaQuelasInstanciasSenIguales" time="4.139" classname="co.edu.uelbosque.controller.TestFileManager"/>
  <testcase name="verificaQuelasInstanciasSenIguales" time="4.256" classname="co.edu.uelbosque.controller.TestFileManager"/>
  <testcase name="verificaQuelasInstanciasSenIguales" time="4.363" classname="co.edu.uelbosque.controller.TestFileManager"/>
  <testcase name="verificaQuelasInstanciasSenIguales" time="4.363" classname="co.edu.uelbosque.controller.TestFileManager"/>
  <testcase name="verificaQuelasInstanciasSenIguales" time="4.368" classname="co.edu.uelbosque.controller.TestFileManager"/>
  <testcase name="verificaQuelasInstanciasSenIguales" time="4.477" classname="co.edu.uelbosque.controller.TestFileManager"/>
  <testcase name="verificaQuelasInstanciasSenIguales" time="4.48" classname="co.edu.uelbosque.controller.TestFileManager"/>
  <testcase name="verificaQuelasInstanciasSenIguales" time="4.478" classname="co.edu.uelbosque.controller.TestFileManager"/>
  <testcase name="verificaQuelasInstanciasSenIguales" time="4.481" classname="co.edu.uelbosque.controller.TestFileManager"/>
  <testcase name="verificaQuelasInstanciasSenIguales" time="4.481" classname="co.edu.uelbosque.controller.TestFileManager"/>
  <testcase name="verificaQuelasInstanciasSenIguales" time="4.481" classname="co.edu.uelbosque.controller.TestFileManager"/>
  <testcase name="verificaQuelasInstanciasSenIguales" time="4.732" classname="co.edu.uelbosque.controller.TestFileManager"/>
  <testcase name="verificaQuelasInstanciasSenIguales" time="4.869" classname="co.edu.uelbosque.controller.TestFileManager"/>
  <testcase name="verificaQuelasInstanciasSenIguales" time="4.87" classname="co.edu.uelbosque.controller.TestFileManager"/>
  <testcase name="verificaQuelasInstanciasSenIguales" time="4.98" classname="co.edu.uelbosque.controller.TestFileManager"/>
  <testcase name="verificaQuelasInstanciasSenIguales" time="4.98" classname="co.edu.uelbosque.controller.TestFileManager"/>
  <testcase name="verificaQuelasInstanciasSenIguales" time="4.984" classname="co.edu.uelbosque.controller.TestFileManager"/>
  <testcase name="verificaQuelasInstanciasSenIguales" time="4.985" classname="co.edu.uelbosque.controller.TestFileManager"/>
  <testcase name="verificaQuelasInstanciasSenIguales" time="4.985" classname="co.edu.uelbosque.controller.TestFileManager"/>
</testsuite> <!-- Command line test -->
