<?xml version="1.0" encoding="UTF-8"?>
<testng-results skipped="0" failed="1" total="101" passed="100">
  <reporter-output>
  </reporter-output>
  <suite name="co.edu.uelbosque.controller.TestFileManager" duration-ms="110155" started-at="2014-08-27T02:27:30Z" finished-at="2014-08-27T02:29:20Z">
    <groups>
    </groups>
    <test name="Command line test" duration-ms="110155" started-at="2014-08-27T02:27:30Z" finished-at="2014-08-27T02:29:20Z">
      <class name="co.edu.uelbosque.controller.TestFileManager">
        <test-method status="FAIL" signature="debeCrearUnBufferDeLaImagen()[pri:0, instance:co.edu.uelbosque.controller.TestFileManager@9bb8a29]" name="debeCrearUnBufferDeLaImagen" duration-ms="104462" started-at="2014-08-26T21:27:30Z" finished-at="2014-08-26T21:29:14Z">
          <exception class="java.lang.OutOfMemoryError">
            <message>
              <![CDATA[Java heap space]]>
            </message>
            <full-stacktrace>
              <![CDATA[java.lang.OutOfMemoryError: Java heap space
	at java.util.Arrays.copyOf(Arrays.java:2271)
	at java.io.ByteArrayOutputStream.grow(ByteArrayOutputStream.java:113)
	at java.io.ByteArrayOutputStream.ensureCapacity(ByteArrayOutputStream.java:93)
	at java.io.ByteArrayOutputStream.write(ByteArrayOutputStream.java:122)
	at co.edu.uelbosque.controller.ImageManager.getImage(ImageManager.java:49)
	at co.edu.uelbosque.controller.TestFileManager.debeCrearUnBufferDeLaImagen(TestFileManager.java:45)
	at sun.reflect.NativeMethodAccessorImpl.invoke0(Native Method)
	at sun.reflect.NativeMethodAccessorImpl.invoke(NativeMethodAccessorImpl.java:57)
	at sun.reflect.DelegatingMethodAccessorImpl.invoke(DelegatingMethodAccessorImpl.java:43)
	at java.lang.reflect.Method.invoke(Method.java:606)
	at org.testng.internal.MethodInvocationHelper.invokeMethod(MethodInvocationHelper.java:84)
	at org.testng.internal.Invoker.invokeMethod(Invoker.java:714)
	at org.testng.internal.Invoker.invokeTestMethod(Invoker.java:901)
	at org.testng.internal.Invoker.invokeTestMethods(Invoker.java:1231)
	at org.testng.internal.TestMethodWorker.invokeTestMethods(TestMethodWorker.java:127)
	at org.testng.internal.TestMethodWorker.run(TestMethodWorker.java:111)
	at org.testng.TestRunner.privateRun(TestRunner.java:767)
	at org.testng.TestRunner.run(TestRunner.java:617)
	at org.testng.SuiteRunner.runTest(SuiteRunner.java:334)
	at org.testng.SuiteRunner.runSequentially(SuiteRunner.java:329)
	at org.testng.SuiteRunner.privateRun(SuiteRunner.java:291)
	at org.testng.SuiteRunner.run(SuiteRunner.java:240)
	at org.testng.SuiteRunnerWorker.runSuite(SuiteRunnerWorker.java:52)
	at org.testng.SuiteRunnerWorker.run(SuiteRunnerWorker.java:86)
	at org.testng.TestNG.runSuitesSequentially(TestNG.java:1224)
	at org.testng.TestNG.runSuitesLocally(TestNG.java:1149)
	at org.testng.TestNG.run(TestNG.java:1057)
	at org.apache.maven.surefire.testng.TestNGExecutor.run(TestNGExecutor.java:70)
	at org.apache.maven.surefire.testng.TestNGDirectoryTestSuite.execute(TestNGDirectoryTestSuite.java:109)
	at org.apache.maven.surefire.testng.TestNGProvider.invoke(TestNGProvider.java:111)
	at sun.reflect.NativeMethodAccessorImpl.invoke0(Native Method)
	at sun.reflect.NativeMethodAccessorImpl.invoke(NativeMethodAccessorImpl.java:57)
]]>
            </full-stacktrace>
          </exception> <!-- java.lang.OutOfMemoryError -->
          <reporter-output>
          </reporter-output>
        </test-method> <!-- debeCrearUnBufferDeLaImagen -->
        <test-method status="PASS" signature="verificaQuelasInstanciasSenIguales()[pri:0, instance:co.edu.uelbosque.controller.TestFileManager@9bb8a29]" name="verificaQuelasInstanciasSenIguales" duration-ms="2634" started-at="2014-08-26T21:29:15Z" finished-at="2014-08-26T21:29:17Z">
          <reporter-output>
          </reporter-output>
        </test-method> <!-- verificaQuelasInstanciasSenIguales -->
        <test-method status="PASS" signature="verificaQuelasInstanciasSenIguales()[pri:0, instance:co.edu.uelbosque.controller.TestFileManager@9bb8a29]" name="verificaQuelasInstanciasSenIguales" duration-ms="5010" started-at="2014-08-26T21:29:15Z" finished-at="2014-08-26T21:29:20Z">
          <reporter-output>
          </reporter-output>
        </test-method> <!-- verificaQuelasInstanciasSenIguales -->
        <test-method status="PASS" signature="verificaQuelasInstanciasSenIguales()[pri:0, instance:co.edu.uelbosque.controller.TestFileManager@9bb8a29]" name="verificaQuelasInstanciasSenIguales" duration-ms="5010" started-at="2014-08-26T21:29:15Z" finished-at="2014-08-26T21:29:20Z">
          <reporter-output>
          </reporter-output>
        </test-method> <!-- verificaQuelasInstanciasSenIguales -->
        <test-method status="PASS" signature="verificaQuelasInstanciasSenIguales()[pri:0, instance:co.edu.uelbosque.controller.TestFileManager@9bb8a29]" name="verificaQuelasInstanciasSenIguales" duration-ms="5009" started-at="2014-08-26T21:29:15Z" finished-at="2014-08-26T21:29:20Z">
          <reporter-output>
          </reporter-output>
        </test-method> <!-- verificaQuelasInstanciasSenIguales -->
        <test-method status="PASS" signature="verificaQuelasInstanciasSenIguales()[pri:0, instance:co.edu.uelbosque.controller.TestFileManager@9bb8a29]" name="verificaQuelasInstanciasSenIguales" duration-ms="5010" started-at="2014-08-26T21:29:15Z" finished-at="2014-08-26T21:29:20Z">
          <reporter-output>
          </reporter-output>
        </test-method> <!-- verificaQuelasInstanciasSenIguales -->
        <test-method status="PASS" signature="verificaQuelasInstanciasSenIguales()[pri:0, instance:co.edu.uelbosque.controller.TestFileManager@9bb8a29]" name="verificaQuelasInstanciasSenIguales" duration-ms="5008" started-at="2014-08-26T21:29:15Z" finished-at="2014-08-26T21:29:20Z">
          <reporter-output>
          </reporter-output>
        </test-method> <!-- verificaQuelasInstanciasSenIguales -->
        <test-method status="PASS" signature="verificaQuelasInstanciasSenIguales()[pri:0, instance:co.edu.uelbosque.controller.TestFileManager@9bb8a29]" name="verificaQuelasInstanciasSenIguales" duration-ms="5005" started-at="2014-08-26T21:29:15Z" finished-at="2014-08-26T21:29:20Z">
          <reporter-output>
          </reporter-output>
        </test-method> <!-- verificaQuelasInstanciasSenIguales -->
        <test-method status="PASS" signature="verificaQuelasInstanciasSenIguales()[pri:0, instance:co.edu.uelbosque.controller.TestFileManager@9bb8a29]" name="verificaQuelasInstanciasSenIguales" duration-ms="5005" started-at="2014-08-26T21:29:15Z" finished-at="2014-08-26T21:29:20Z">
          <reporter-output>
          </reporter-output>
        </test-method> <!-- verificaQuelasInstanciasSenIguales -->
        <test-method status="PASS" signature="verificaQuelasInstanciasSenIguales()[pri:0, instance:co.edu.uelbosque.controller.TestFileManager@9bb8a29]" name="verificaQuelasInstanciasSenIguales" duration-ms="4988" started-at="2014-08-26T21:29:15Z" finished-at="2014-08-26T21:29:20Z">
          <reporter-output>
          </reporter-output>
        </test-method> <!-- verificaQuelasInstanciasSenIguales -->
        <test-method status="PASS" signature="verificaQuelasInstanciasSenIguales()[pri:0, instance:co.edu.uelbosque.controller.TestFileManager@9bb8a29]" name="verificaQuelasInstanciasSenIguales" duration-ms="4989" started-at="2014-08-26T21:29:15Z" finished-at="2014-08-26T21:29:20Z">
          <reporter-output>
          </reporter-output>
        </test-method> <!-- verificaQuelasInstanciasSenIguales -->
        <test-method status="PASS" signature="verificaQuelasInstanciasSenIguales()[pri:0, instance:co.edu.uelbosque.controller.TestFileManager@9bb8a29]" name="verificaQuelasInstanciasSenIguales" duration-ms="4988" started-at="2014-08-26T21:29:15Z" finished-at="2014-08-26T21:29:20Z">
          <reporter-output>
          </reporter-output>
        </test-method> <!-- verificaQuelasInstanciasSenIguales -->
        <test-method status="PASS" signature="verificaQuelasInstanciasSenIguales()[pri:0, instance:co.edu.uelbosque.controller.TestFileManager@9bb8a29]" name="verificaQuelasInstanciasSenIguales" duration-ms="4981" started-at="2014-08-26T21:29:15Z" finished-at="2014-08-26T21:29:20Z">
          <reporter-output>
          </reporter-output>
        </test-method> <!-- verificaQuelasInstanciasSenIguales -->
        <test-method status="PASS" signature="verificaQuelasInstanciasSenIguales()[pri:0, instance:co.edu.uelbosque.controller.TestFileManager@9bb8a29]" name="verificaQuelasInstanciasSenIguales" duration-ms="4981" started-at="2014-08-26T21:29:15Z" finished-at="2014-08-26T21:29:20Z">
          <reporter-output>
          </reporter-output>
        </test-method> <!-- verificaQuelasInstanciasSenIguales -->
        <test-method status="PASS" signature="verificaQuelasInstanciasSenIguales()[pri:0, instance:co.edu.uelbosque.controller.TestFileManager@9bb8a29]" name="verificaQuelasInstanciasSenIguales" duration-ms="289" started-at="2014-08-26T21:29:15Z" finished-at="2014-08-26T21:29:15Z">
          <reporter-output>
          </reporter-output>
        </test-method> <!-- verificaQuelasInstanciasSenIguales -->
        <test-method status="PASS" signature="verificaQuelasInstanciasSenIguales()[pri:0, instance:co.edu.uelbosque.controller.TestFileManager@9bb8a29]" name="verificaQuelasInstanciasSenIguales" duration-ms="289" started-at="2014-08-26T21:29:15Z" finished-at="2014-08-26T21:29:15Z">
          <reporter-output>
          </reporter-output>
        </test-method> <!-- verificaQuelasInstanciasSenIguales -->
        <test-method status="PASS" signature="verificaQuelasInstanciasSenIguales()[pri:0, instance:co.edu.uelbosque.controller.TestFileManager@9bb8a29]" name="verificaQuelasInstanciasSenIguales" duration-ms="289" started-at="2014-08-26T21:29:15Z" finished-at="2014-08-26T21:29:15Z">
          <reporter-output>
          </reporter-output>
        </test-method> <!-- verificaQuelasInstanciasSenIguales -->
        <test-method status="PASS" signature="verificaQuelasInstanciasSenIguales()[pri:0, instance:co.edu.uelbosque.controller.TestFileManager@9bb8a29]" name="verificaQuelasInstanciasSenIguales" duration-ms="289" started-at="2014-08-26T21:29:15Z" finished-at="2014-08-26T21:29:15Z">
          <reporter-output>
          </reporter-output>
        </test-method> <!-- verificaQuelasInstanciasSenIguales -->
        <test-method status="PASS" signature="verificaQuelasInstanciasSenIguales()[pri:0, instance:co.edu.uelbosque.controller.TestFileManager@9bb8a29]" name="verificaQuelasInstanciasSenIguales" duration-ms="2602" started-at="2014-08-26T21:29:15Z" finished-at="2014-08-26T21:29:17Z">
          <reporter-output>
          </reporter-output>
        </test-method> <!-- verificaQuelasInstanciasSenIguales -->
        <test-method status="PASS" signature="verificaQuelasInstanciasSenIguales()[pri:0, instance:co.edu.uelbosque.controller.TestFileManager@9bb8a29]" name="verificaQuelasInstanciasSenIguales" duration-ms="2595" started-at="2014-08-26T21:29:15Z" finished-at="2014-08-26T21:29:17Z">
          <reporter-output>
          </reporter-output>
        </test-method> <!-- verificaQuelasInstanciasSenIguales -->
        <test-method status="PASS" signature="verificaQuelasInstanciasSenIguales()[pri:0, instance:co.edu.uelbosque.controller.TestFileManager@9bb8a29]" name="verificaQuelasInstanciasSenIguales" duration-ms="2595" started-at="2014-08-26T21:29:15Z" finished-at="2014-08-26T21:29:17Z">
          <reporter-output>
          </reporter-output>
        </test-method> <!-- verificaQuelasInstanciasSenIguales -->
        <test-method status="PASS" signature="verificaQuelasInstanciasSenIguales()[pri:0, instance:co.edu.uelbosque.controller.TestFileManager@9bb8a29]" name="verificaQuelasInstanciasSenIguales" duration-ms="2594" started-at="2014-08-26T21:29:15Z" finished-at="2014-08-26T21:29:17Z">
          <reporter-output>
          </reporter-output>
        </test-method> <!-- verificaQuelasInstanciasSenIguales -->
        <test-method status="PASS" signature="verificaQuelasInstanciasSenIguales()[pri:0, instance:co.edu.uelbosque.controller.TestFileManager@9bb8a29]" name="verificaQuelasInstanciasSenIguales" duration-ms="2595" started-at="2014-08-26T21:29:15Z" finished-at="2014-08-26T21:29:17Z">
          <reporter-output>
          </reporter-output>
        </test-method> <!-- verificaQuelasInstanciasSenIguales -->
        <test-method status="PASS" signature="verificaQuelasInstanciasSenIguales()[pri:0, instance:co.edu.uelbosque.controller.TestFileManager@9bb8a29]" name="verificaQuelasInstanciasSenIguales" duration-ms="2594" started-at="2014-08-26T21:29:15Z" finished-at="2014-08-26T21:29:17Z">
          <reporter-output>
          </reporter-output>
        </test-method> <!-- verificaQuelasInstanciasSenIguales -->
        <test-method status="PASS" signature="verificaQuelasInstanciasSenIguales()[pri:0, instance:co.edu.uelbosque.controller.TestFileManager@9bb8a29]" name="verificaQuelasInstanciasSenIguales" duration-ms="281" started-at="2014-08-26T21:29:15Z" finished-at="2014-08-26T21:29:15Z">
          <reporter-output>
          </reporter-output>
        </test-method> <!-- verificaQuelasInstanciasSenIguales -->
        <test-method status="PASS" signature="verificaQuelasInstanciasSenIguales()[pri:0, instance:co.edu.uelbosque.controller.TestFileManager@9bb8a29]" name="verificaQuelasInstanciasSenIguales" duration-ms="2594" started-at="2014-08-26T21:29:15Z" finished-at="2014-08-26T21:29:17Z">
          <reporter-output>
          </reporter-output>
        </test-method> <!-- verificaQuelasInstanciasSenIguales -->
        <test-method status="PASS" signature="verificaQuelasInstanciasSenIguales()[pri:0, instance:co.edu.uelbosque.controller.TestFileManager@9bb8a29]" name="verificaQuelasInstanciasSenIguales" duration-ms="280" started-at="2014-08-26T21:29:15Z" finished-at="2014-08-26T21:29:15Z">
          <reporter-output>
          </reporter-output>
        </test-method> <!-- verificaQuelasInstanciasSenIguales -->
        <test-method status="PASS" signature="verificaQuelasInstanciasSenIguales()[pri:0, instance:co.edu.uelbosque.controller.TestFileManager@9bb8a29]" name="verificaQuelasInstanciasSenIguales" duration-ms="280" started-at="2014-08-26T21:29:15Z" finished-at="2014-08-26T21:29:15Z">
          <reporter-output>
          </reporter-output>
        </test-method> <!-- verificaQuelasInstanciasSenIguales -->
        <test-method status="PASS" signature="verificaQuelasInstanciasSenIguales()[pri:0, instance:co.edu.uelbosque.controller.TestFileManager@9bb8a29]" name="verificaQuelasInstanciasSenIguales" duration-ms="4970" started-at="2014-08-26T21:29:15Z" finished-at="2014-08-26T21:29:20Z">
          <reporter-output>
          </reporter-output>
        </test-method> <!-- verificaQuelasInstanciasSenIguales -->
        <test-method status="PASS" signature="verificaQuelasInstanciasSenIguales()[pri:0, instance:co.edu.uelbosque.controller.TestFileManager@9bb8a29]" name="verificaQuelasInstanciasSenIguales" duration-ms="2343" started-at="2014-08-26T21:29:15Z" finished-at="2014-08-26T21:29:17Z">
          <reporter-output>
          </reporter-output>
        </test-method> <!-- verificaQuelasInstanciasSenIguales -->
        <test-method status="PASS" signature="verificaQuelasInstanciasSenIguales()[pri:0, instance:co.edu.uelbosque.controller.TestFileManager@9bb8a29]" name="verificaQuelasInstanciasSenIguales" duration-ms="2343" started-at="2014-08-26T21:29:15Z" finished-at="2014-08-26T21:29:17Z">
          <reporter-output>
          </reporter-output>
        </test-method> <!-- verificaQuelasInstanciasSenIguales -->
        <test-method status="PASS" signature="verificaQuelasInstanciasSenIguales()[pri:0, instance:co.edu.uelbosque.controller.TestFileManager@9bb8a29]" name="verificaQuelasInstanciasSenIguales" duration-ms="2344" started-at="2014-08-26T21:29:15Z" finished-at="2014-08-26T21:29:17Z">
          <reporter-output>
          </reporter-output>
        </test-method> <!-- verificaQuelasInstanciasSenIguales -->
        <test-method status="PASS" signature="verificaQuelasInstanciasSenIguales()[pri:0, instance:co.edu.uelbosque.controller.TestFileManager@9bb8a29]" name="verificaQuelasInstanciasSenIguales" duration-ms="4970" started-at="2014-08-26T21:29:15Z" finished-at="2014-08-26T21:29:20Z">
          <reporter-output>
          </reporter-output>
        </test-method> <!-- verificaQuelasInstanciasSenIguales -->
        <test-method status="PASS" signature="verificaQuelasInstanciasSenIguales()[pri:0, instance:co.edu.uelbosque.controller.TestFileManager@9bb8a29]" name="verificaQuelasInstanciasSenIguales" duration-ms="4969" started-at="2014-08-26T21:29:15Z" finished-at="2014-08-26T21:29:20Z">
          <reporter-output>
          </reporter-output>
        </test-method> <!-- verificaQuelasInstanciasSenIguales -->
        <test-method status="PASS" signature="verificaQuelasInstanciasSenIguales()[pri:0, instance:co.edu.uelbosque.controller.TestFileManager@9bb8a29]" name="verificaQuelasInstanciasSenIguales" duration-ms="2114" started-at="2014-08-26T21:29:15Z" finished-at="2014-08-26T21:29:17Z">
          <reporter-output>
          </reporter-output>
        </test-method> <!-- verificaQuelasInstanciasSenIguales -->
        <test-method status="PASS" signature="verificaQuelasInstanciasSenIguales()[pri:0, instance:co.edu.uelbosque.controller.TestFileManager@9bb8a29]" name="verificaQuelasInstanciasSenIguales" duration-ms="2114" started-at="2014-08-26T21:29:15Z" finished-at="2014-08-26T21:29:17Z">
          <reporter-output>
          </reporter-output>
        </test-method> <!-- verificaQuelasInstanciasSenIguales -->
        <test-method status="PASS" signature="verificaQuelasInstanciasSenIguales()[pri:0, instance:co.edu.uelbosque.controller.TestFileManager@9bb8a29]" name="verificaQuelasInstanciasSenIguales" duration-ms="4488" started-at="2014-08-26T21:29:15Z" finished-at="2014-08-26T21:29:19Z">
          <reporter-output>
          </reporter-output>
        </test-method> <!-- verificaQuelasInstanciasSenIguales -->
        <test-method status="PASS" signature="verificaQuelasInstanciasSenIguales()[pri:0, instance:co.edu.uelbosque.controller.TestFileManager@9bb8a29]" name="verificaQuelasInstanciasSenIguales" duration-ms="2616" started-at="2014-08-26T21:29:15Z" finished-at="2014-08-26T21:29:17Z">
          <reporter-output>
          </reporter-output>
        </test-method> <!-- verificaQuelasInstanciasSenIguales -->
        <test-method status="PASS" signature="verificaQuelasInstanciasSenIguales()[pri:0, instance:co.edu.uelbosque.controller.TestFileManager@9bb8a29]" name="verificaQuelasInstanciasSenIguales" duration-ms="2868" started-at="2014-08-26T21:29:15Z" finished-at="2014-08-26T21:29:18Z">
          <reporter-output>
          </reporter-output>
        </test-method> <!-- verificaQuelasInstanciasSenIguales -->
        <test-method status="PASS" signature="verificaQuelasInstanciasSenIguales()[pri:0, instance:co.edu.uelbosque.controller.TestFileManager@9bb8a29]" name="verificaQuelasInstanciasSenIguales" duration-ms="495" started-at="2014-08-26T21:29:15Z" finished-at="2014-08-26T21:29:15Z">
          <reporter-output>
          </reporter-output>
        </test-method> <!-- verificaQuelasInstanciasSenIguales -->
        <test-method status="PASS" signature="verificaQuelasInstanciasSenIguales()[pri:0, instance:co.edu.uelbosque.controller.TestFileManager@9bb8a29]" name="verificaQuelasInstanciasSenIguales" duration-ms="493" started-at="2014-08-26T21:29:15Z" finished-at="2014-08-26T21:29:15Z">
          <reporter-output>
          </reporter-output>
        </test-method> <!-- verificaQuelasInstanciasSenIguales -->
        <test-method status="PASS" signature="verificaQuelasInstanciasSenIguales()[pri:0, instance:co.edu.uelbosque.controller.TestFileManager@9bb8a29]" name="verificaQuelasInstanciasSenIguales" duration-ms="494" started-at="2014-08-26T21:29:15Z" finished-at="2014-08-26T21:29:15Z">
          <reporter-output>
          </reporter-output>
        </test-method> <!-- verificaQuelasInstanciasSenIguales -->
        <test-method status="PASS" signature="verificaQuelasInstanciasSenIguales()[pri:0, instance:co.edu.uelbosque.controller.TestFileManager@9bb8a29]" name="verificaQuelasInstanciasSenIguales" duration-ms="3621" started-at="2014-08-26T21:29:15Z" finished-at="2014-08-26T21:29:18Z">
          <reporter-output>
          </reporter-output>
        </test-method> <!-- verificaQuelasInstanciasSenIguales -->
        <test-method status="PASS" signature="verificaQuelasInstanciasSenIguales()[pri:0, instance:co.edu.uelbosque.controller.TestFileManager@9bb8a29]" name="verificaQuelasInstanciasSenIguales" duration-ms="1247" started-at="2014-08-26T21:29:15Z" finished-at="2014-08-26T21:29:16Z">
          <reporter-output>
          </reporter-output>
        </test-method> <!-- verificaQuelasInstanciasSenIguales -->
        <test-method status="PASS" signature="verificaQuelasInstanciasSenIguales()[pri:0, instance:co.edu.uelbosque.controller.TestFileManager@9bb8a29]" name="verificaQuelasInstanciasSenIguales" duration-ms="1246" started-at="2014-08-26T21:29:15Z" finished-at="2014-08-26T21:29:16Z">
          <reporter-output>
          </reporter-output>
        </test-method> <!-- verificaQuelasInstanciasSenIguales -->
        <test-method status="PASS" signature="verificaQuelasInstanciasSenIguales()[pri:0, instance:co.edu.uelbosque.controller.TestFileManager@9bb8a29]" name="verificaQuelasInstanciasSenIguales" duration-ms="2731" started-at="2014-08-26T21:29:15Z" finished-at="2014-08-26T21:29:18Z">
          <reporter-output>
          </reporter-output>
        </test-method> <!-- verificaQuelasInstanciasSenIguales -->
        <test-method status="PASS" signature="verificaQuelasInstanciasSenIguales()[pri:0, instance:co.edu.uelbosque.controller.TestFileManager@9bb8a29]" name="verificaQuelasInstanciasSenIguales" duration-ms="2732" started-at="2014-08-26T21:29:15Z" finished-at="2014-08-26T21:29:18Z">
          <reporter-output>
          </reporter-output>
        </test-method> <!-- verificaQuelasInstanciasSenIguales -->
        <test-method status="PASS" signature="verificaQuelasInstanciasSenIguales()[pri:0, instance:co.edu.uelbosque.controller.TestFileManager@9bb8a29]" name="verificaQuelasInstanciasSenIguales" duration-ms="3234" started-at="2014-08-26T21:29:15Z" finished-at="2014-08-26T21:29:18Z">
          <reporter-output>
          </reporter-output>
        </test-method> <!-- verificaQuelasInstanciasSenIguales -->
        <test-method status="PASS" signature="verificaQuelasInstanciasSenIguales()[pri:0, instance:co.edu.uelbosque.controller.TestFileManager@9bb8a29]" name="verificaQuelasInstanciasSenIguales" duration-ms="3233" started-at="2014-08-26T21:29:15Z" finished-at="2014-08-26T21:29:18Z">
          <reporter-output>
          </reporter-output>
        </test-method> <!-- verificaQuelasInstanciasSenIguales -->
        <test-method status="PASS" signature="verificaQuelasInstanciasSenIguales()[pri:0, instance:co.edu.uelbosque.controller.TestFileManager@9bb8a29]" name="verificaQuelasInstanciasSenIguales" duration-ms="739" started-at="2014-08-26T21:29:15Z" finished-at="2014-08-26T21:29:16Z">
          <reporter-output>
          </reporter-output>
        </test-method> <!-- verificaQuelasInstanciasSenIguales -->
        <test-method status="PASS" signature="verificaQuelasInstanciasSenIguales()[pri:0, instance:co.edu.uelbosque.controller.TestFileManager@9bb8a29]" name="verificaQuelasInstanciasSenIguales" duration-ms="4946" started-at="2014-08-26T21:29:15Z" finished-at="2014-08-26T21:29:20Z">
          <reporter-output>
          </reporter-output>
        </test-method> <!-- verificaQuelasInstanciasSenIguales -->
        <test-method status="PASS" signature="verificaQuelasInstanciasSenIguales()[pri:0, instance:co.edu.uelbosque.controller.TestFileManager@9bb8a29]" name="verificaQuelasInstanciasSenIguales" duration-ms="2572" started-at="2014-08-26T21:29:15Z" finished-at="2014-08-26T21:29:17Z">
          <reporter-output>
          </reporter-output>
        </test-method> <!-- verificaQuelasInstanciasSenIguales -->
        <test-method status="PASS" signature="verificaQuelasInstanciasSenIguales()[pri:0, instance:co.edu.uelbosque.controller.TestFileManager@9bb8a29]" name="verificaQuelasInstanciasSenIguales" duration-ms="701" started-at="2014-08-26T21:29:15Z" finished-at="2014-08-26T21:29:16Z">
          <reporter-output>
          </reporter-output>
        </test-method> <!-- verificaQuelasInstanciasSenIguales -->
        <test-method status="PASS" signature="verificaQuelasInstanciasSenIguales()[pri:0, instance:co.edu.uelbosque.controller.TestFileManager@9bb8a29]" name="verificaQuelasInstanciasSenIguales" duration-ms="3077" started-at="2014-08-26T21:29:15Z" finished-at="2014-08-26T21:29:18Z">
          <reporter-output>
          </reporter-output>
        </test-method> <!-- verificaQuelasInstanciasSenIguales -->
        <test-method status="PASS" signature="verificaQuelasInstanciasSenIguales()[pri:0, instance:co.edu.uelbosque.controller.TestFileManager@9bb8a29]" name="verificaQuelasInstanciasSenIguales" duration-ms="3326" started-at="2014-08-26T21:29:15Z" finished-at="2014-08-26T21:29:18Z">
          <reporter-output>
          </reporter-output>
        </test-method> <!-- verificaQuelasInstanciasSenIguales -->
        <test-method status="PASS" signature="verificaQuelasInstanciasSenIguales()[pri:0, instance:co.edu.uelbosque.controller.TestFileManager@9bb8a29]" name="verificaQuelasInstanciasSenIguales" duration-ms="700" started-at="2014-08-26T21:29:15Z" finished-at="2014-08-26T21:29:16Z">
          <reporter-output>
          </reporter-output>
        </test-method> <!-- verificaQuelasInstanciasSenIguales -->
        <test-method status="PASS" signature="verificaQuelasInstanciasSenIguales()[pri:0, instance:co.edu.uelbosque.controller.TestFileManager@9bb8a29]" name="verificaQuelasInstanciasSenIguales" duration-ms="3076" started-at="2014-08-26T21:29:15Z" finished-at="2014-08-26T21:29:18Z">
          <reporter-output>
          </reporter-output>
        </test-method> <!-- verificaQuelasInstanciasSenIguales -->
        <test-method status="PASS" signature="verificaQuelasInstanciasSenIguales()[pri:0, instance:co.edu.uelbosque.controller.TestFileManager@9bb8a29]" name="verificaQuelasInstanciasSenIguales" duration-ms="449" started-at="2014-08-26T21:29:15Z" finished-at="2014-08-26T21:29:15Z">
          <reporter-output>
          </reporter-output>
        </test-method> <!-- verificaQuelasInstanciasSenIguales -->
        <test-method status="PASS" signature="verificaQuelasInstanciasSenIguales()[pri:0, instance:co.edu.uelbosque.controller.TestFileManager@9bb8a29]" name="verificaQuelasInstanciasSenIguales" duration-ms="220" started-at="2014-08-26T21:29:15Z" finished-at="2014-08-26T21:29:15Z">
          <reporter-output>
          </reporter-output>
        </test-method> <!-- verificaQuelasInstanciasSenIguales -->
        <test-method status="PASS" signature="verificaQuelasInstanciasSenIguales()[pri:0, instance:co.edu.uelbosque.controller.TestFileManager@9bb8a29]" name="verificaQuelasInstanciasSenIguales" duration-ms="2845" started-at="2014-08-26T21:29:15Z" finished-at="2014-08-26T21:29:18Z">
          <reporter-output>
          </reporter-output>
        </test-method> <!-- verificaQuelasInstanciasSenIguales -->
        <test-method status="PASS" signature="verificaQuelasInstanciasSenIguales()[pri:0, instance:co.edu.uelbosque.controller.TestFileManager@9bb8a29]" name="verificaQuelasInstanciasSenIguales" duration-ms="4968" started-at="2014-08-26T21:29:15Z" finished-at="2014-08-26T21:29:20Z">
          <reporter-output>
          </reporter-output>
        </test-method> <!-- verificaQuelasInstanciasSenIguales -->
        <test-method status="PASS" signature="verificaQuelasInstanciasSenIguales()[pri:0, instance:co.edu.uelbosque.controller.TestFileManager@9bb8a29]" name="verificaQuelasInstanciasSenIguales" duration-ms="2594" started-at="2014-08-26T21:29:15Z" finished-at="2014-08-26T21:29:18Z">
          <reporter-output>
          </reporter-output>
        </test-method> <!-- verificaQuelasInstanciasSenIguales -->
        <test-method status="PASS" signature="verificaQuelasInstanciasSenIguales()[pri:0, instance:co.edu.uelbosque.controller.TestFileManager@9bb8a29]" name="verificaQuelasInstanciasSenIguales" duration-ms="722" started-at="2014-08-26T21:29:15Z" finished-at="2014-08-26T21:29:16Z">
          <reporter-output>
          </reporter-output>
        </test-method> <!-- verificaQuelasInstanciasSenIguales -->
        <test-method status="PASS" signature="verificaQuelasInstanciasSenIguales()[pri:0, instance:co.edu.uelbosque.controller.TestFileManager@9bb8a29]" name="verificaQuelasInstanciasSenIguales" duration-ms="3347" started-at="2014-08-26T21:29:15Z" finished-at="2014-08-26T21:29:18Z">
          <reporter-output>
          </reporter-output>
        </test-method> <!-- verificaQuelasInstanciasSenIguales -->
        <test-method status="PASS" signature="verificaQuelasInstanciasSenIguales()[pri:0, instance:co.edu.uelbosque.controller.TestFileManager@9bb8a29]" name="verificaQuelasInstanciasSenIguales" duration-ms="3347" started-at="2014-08-26T21:29:15Z" finished-at="2014-08-26T21:29:18Z">
          <reporter-output>
          </reporter-output>
        </test-method> <!-- verificaQuelasInstanciasSenIguales -->
        <test-method status="PASS" signature="verificaQuelasInstanciasSenIguales()[pri:0, instance:co.edu.uelbosque.controller.TestFileManager@9bb8a29]" name="verificaQuelasInstanciasSenIguales" duration-ms="3097" started-at="2014-08-26T21:29:15Z" finished-at="2014-08-26T21:29:18Z">
          <reporter-output>
          </reporter-output>
        </test-method> <!-- verificaQuelasInstanciasSenIguales -->
        <test-method status="PASS" signature="verificaQuelasInstanciasSenIguales()[pri:0, instance:co.edu.uelbosque.controller.TestFileManager@9bb8a29]" name="verificaQuelasInstanciasSenIguales" duration-ms="471" started-at="2014-08-26T21:29:15Z" finished-at="2014-08-26T21:29:15Z">
          <reporter-output>
          </reporter-output>
        </test-method> <!-- verificaQuelasInstanciasSenIguales -->
        <test-method status="PASS" signature="verificaQuelasInstanciasSenIguales()[pri:0, instance:co.edu.uelbosque.controller.TestFileManager@9bb8a29]" name="verificaQuelasInstanciasSenIguales" duration-ms="1225" started-at="2014-08-26T21:29:15Z" finished-at="2014-08-26T21:29:16Z">
          <reporter-output>
          </reporter-output>
        </test-method> <!-- verificaQuelasInstanciasSenIguales -->
        <test-method status="PASS" signature="verificaQuelasInstanciasSenIguales()[pri:0, instance:co.edu.uelbosque.controller.TestFileManager@9bb8a29]" name="verificaQuelasInstanciasSenIguales" duration-ms="3097" started-at="2014-08-26T21:29:15Z" finished-at="2014-08-26T21:29:18Z">
          <reporter-output>
          </reporter-output>
        </test-method> <!-- verificaQuelasInstanciasSenIguales -->
        <test-method status="PASS" signature="verificaQuelasInstanciasSenIguales()[pri:0, instance:co.edu.uelbosque.controller.TestFileManager@9bb8a29]" name="verificaQuelasInstanciasSenIguales" duration-ms="1224" started-at="2014-08-26T21:29:15Z" finished-at="2014-08-26T21:29:16Z">
          <reporter-output>
          </reporter-output>
        </test-method> <!-- verificaQuelasInstanciasSenIguales -->
        <test-method status="PASS" signature="verificaQuelasInstanciasSenIguales()[pri:0, instance:co.edu.uelbosque.controller.TestFileManager@9bb8a29]" name="verificaQuelasInstanciasSenIguales" duration-ms="3849" started-at="2014-08-26T21:29:15Z" finished-at="2014-08-26T21:29:19Z">
          <reporter-output>
          </reporter-output>
        </test-method> <!-- verificaQuelasInstanciasSenIguales -->
        <test-method status="PASS" signature="verificaQuelasInstanciasSenIguales()[pri:0, instance:co.edu.uelbosque.controller.TestFileManager@9bb8a29]" name="verificaQuelasInstanciasSenIguales" duration-ms="3850" started-at="2014-08-26T21:29:15Z" finished-at="2014-08-26T21:29:19Z">
          <reporter-output>
          </reporter-output>
        </test-method> <!-- verificaQuelasInstanciasSenIguales -->
        <test-method status="PASS" signature="verificaQuelasInstanciasSenIguales()[pri:0, instance:co.edu.uelbosque.controller.TestFileManager@9bb8a29]" name="verificaQuelasInstanciasSenIguales" duration-ms="3849" started-at="2014-08-26T21:29:15Z" finished-at="2014-08-26T21:29:19Z">
          <reporter-output>
          </reporter-output>
        </test-method> <!-- verificaQuelasInstanciasSenIguales -->
        <test-method status="PASS" signature="verificaQuelasInstanciasSenIguales()[pri:0, instance:co.edu.uelbosque.controller.TestFileManager@9bb8a29]" name="verificaQuelasInstanciasSenIguales" duration-ms="973" started-at="2014-08-26T21:29:15Z" finished-at="2014-08-26T21:29:16Z">
          <reporter-output>
          </reporter-output>
        </test-method> <!-- verificaQuelasInstanciasSenIguales -->
        <test-method status="PASS" signature="verificaQuelasInstanciasSenIguales()[pri:0, instance:co.edu.uelbosque.controller.TestFileManager@9bb8a29]" name="verificaQuelasInstanciasSenIguales" duration-ms="973" started-at="2014-08-26T21:29:15Z" finished-at="2014-08-26T21:29:16Z">
          <reporter-output>
          </reporter-output>
        </test-method> <!-- verificaQuelasInstanciasSenIguales -->
        <test-method status="PASS" signature="verificaQuelasInstanciasSenIguales()[pri:0, instance:co.edu.uelbosque.controller.TestFileManager@9bb8a29]" name="verificaQuelasInstanciasSenIguales" duration-ms="3598" started-at="2014-08-26T21:29:15Z" finished-at="2014-08-26T21:29:19Z">
          <reporter-output>
          </reporter-output>
        </test-method> <!-- verificaQuelasInstanciasSenIguales -->
        <test-method status="PASS" signature="verificaQuelasInstanciasSenIguales()[pri:0, instance:co.edu.uelbosque.controller.TestFileManager@9bb8a29]" name="verificaQuelasInstanciasSenIguales" duration-ms="3598" started-at="2014-08-26T21:29:15Z" finished-at="2014-08-26T21:29:19Z">
          <reporter-output>
          </reporter-output>
        </test-method> <!-- verificaQuelasInstanciasSenIguales -->
        <test-method status="PASS" signature="verificaQuelasInstanciasSenIguales()[pri:0, instance:co.edu.uelbosque.controller.TestFileManager@9bb8a29]" name="verificaQuelasInstanciasSenIguales" duration-ms="4102" started-at="2014-08-26T21:29:15Z" finished-at="2014-08-26T21:29:19Z">
          <reporter-output>
          </reporter-output>
        </test-method> <!-- verificaQuelasInstanciasSenIguales -->
        <test-method status="PASS" signature="verificaQuelasInstanciasSenIguales()[pri:0, instance:co.edu.uelbosque.controller.TestFileManager@9bb8a29]" name="verificaQuelasInstanciasSenIguales" duration-ms="3212" started-at="2014-08-26T21:29:15Z" finished-at="2014-08-26T21:29:18Z">
          <reporter-output>
          </reporter-output>
        </test-method> <!-- verificaQuelasInstanciasSenIguales -->
        <test-method status="PASS" signature="verificaQuelasInstanciasSenIguales()[pri:0, instance:co.edu.uelbosque.controller.TestFileManager@9bb8a29]" name="verificaQuelasInstanciasSenIguales" duration-ms="3212" started-at="2014-08-26T21:29:15Z" finished-at="2014-08-26T21:29:18Z">
          <reporter-output>
          </reporter-output>
        </test-method> <!-- verificaQuelasInstanciasSenIguales -->
        <test-method status="PASS" signature="verificaQuelasInstanciasSenIguales()[pri:0, instance:co.edu.uelbosque.controller.TestFileManager@9bb8a29]" name="verificaQuelasInstanciasSenIguales" duration-ms="3211" started-at="2014-08-26T21:29:15Z" finished-at="2014-08-26T21:29:18Z">
          <reporter-output>
          </reporter-output>
        </test-method> <!-- verificaQuelasInstanciasSenIguales -->
        <test-method status="PASS" signature="verificaQuelasInstanciasSenIguales()[pri:0, instance:co.edu.uelbosque.controller.TestFileManager@9bb8a29]" name="verificaQuelasInstanciasSenIguales" duration-ms="836" started-at="2014-08-26T21:29:15Z" finished-at="2014-08-26T21:29:16Z">
          <reporter-output>
          </reporter-output>
        </test-method> <!-- verificaQuelasInstanciasSenIguales -->
        <test-method status="PASS" signature="verificaQuelasInstanciasSenIguales()[pri:0, instance:co.edu.uelbosque.controller.TestFileManager@9bb8a29]" name="verificaQuelasInstanciasSenIguales" duration-ms="2961" started-at="2014-08-26T21:29:15Z" finished-at="2014-08-26T21:29:18Z">
          <reporter-output>
          </reporter-output>
        </test-method> <!-- verificaQuelasInstanciasSenIguales -->
        <test-method status="PASS" signature="verificaQuelasInstanciasSenIguales()[pri:0, instance:co.edu.uelbosque.controller.TestFileManager@9bb8a29]" name="verificaQuelasInstanciasSenIguales" duration-ms="2961" started-at="2014-08-26T21:29:15Z" finished-at="2014-08-26T21:29:18Z">
          <reporter-output>
          </reporter-output>
        </test-method> <!-- verificaQuelasInstanciasSenIguales -->
        <test-method status="PASS" signature="verificaQuelasInstanciasSenIguales()[pri:0, instance:co.edu.uelbosque.controller.TestFileManager@9bb8a29]" name="verificaQuelasInstanciasSenIguales" duration-ms="585" started-at="2014-08-26T21:29:15Z" finished-at="2014-08-26T21:29:16Z">
          <reporter-output>
          </reporter-output>
        </test-method> <!-- verificaQuelasInstanciasSenIguales -->
        <test-method status="PASS" signature="verificaQuelasInstanciasSenIguales()[pri:0, instance:co.edu.uelbosque.controller.TestFileManager@9bb8a29]" name="verificaQuelasInstanciasSenIguales" duration-ms="585" started-at="2014-08-26T21:29:15Z" finished-at="2014-08-26T21:29:16Z">
          <reporter-output>
          </reporter-output>
        </test-method> <!-- verificaQuelasInstanciasSenIguales -->
        <test-method status="PASS" signature="verificaQuelasInstanciasSenIguales()[pri:0, instance:co.edu.uelbosque.controller.TestFileManager@9bb8a29]" name="verificaQuelasInstanciasSenIguales" duration-ms="3714" started-at="2014-08-26T21:29:15Z" finished-at="2014-08-26T21:29:19Z">
          <reporter-output>
          </reporter-output>
        </test-method> <!-- verificaQuelasInstanciasSenIguales -->
        <test-method status="PASS" signature="verificaQuelasInstanciasSenIguales()[pri:0, instance:co.edu.uelbosque.controller.TestFileManager@9bb8a29]" name="verificaQuelasInstanciasSenIguales" duration-ms="3713" started-at="2014-08-26T21:29:15Z" finished-at="2014-08-26T21:29:19Z">
          <reporter-output>
          </reporter-output>
        </test-method> <!-- verificaQuelasInstanciasSenIguales -->
        <test-method status="PASS" signature="verificaQuelasInstanciasSenIguales()[pri:0, instance:co.edu.uelbosque.controller.TestFileManager@9bb8a29]" name="verificaQuelasInstanciasSenIguales" duration-ms="3713" started-at="2014-08-26T21:29:15Z" finished-at="2014-08-26T21:29:19Z">
          <reporter-output>
          </reporter-output>
        </test-method> <!-- verificaQuelasInstanciasSenIguales -->
        <test-method status="PASS" signature="verificaQuelasInstanciasSenIguales()[pri:0, instance:co.edu.uelbosque.controller.TestFileManager@9bb8a29]" name="verificaQuelasInstanciasSenIguales" duration-ms="1339" started-at="2014-08-26T21:29:15Z" finished-at="2014-08-26T21:29:16Z">
          <reporter-output>
          </reporter-output>
        </test-method> <!-- verificaQuelasInstanciasSenIguales -->
        <test-method status="PASS" signature="verificaQuelasInstanciasSenIguales()[pri:0, instance:co.edu.uelbosque.controller.TestFileManager@9bb8a29]" name="verificaQuelasInstanciasSenIguales" duration-ms="1338" started-at="2014-08-26T21:29:15Z" finished-at="2014-08-26T21:29:16Z">
          <reporter-output>
          </reporter-output>
        </test-method> <!-- verificaQuelasInstanciasSenIguales -->
        <test-method status="PASS" signature="verificaQuelasInstanciasSenIguales()[pri:0, instance:co.edu.uelbosque.controller.TestFileManager@9bb8a29]" name="verificaQuelasInstanciasSenIguales" duration-ms="3463" started-at="2014-08-26T21:29:15Z" finished-at="2014-08-26T21:29:18Z">
          <reporter-output>
          </reporter-output>
        </test-method> <!-- verificaQuelasInstanciasSenIguales -->
        <test-method status="PASS" signature="verificaQuelasInstanciasSenIguales()[pri:0, instance:co.edu.uelbosque.controller.TestFileManager@9bb8a29]" name="verificaQuelasInstanciasSenIguales" duration-ms="3462" started-at="2014-08-26T21:29:15Z" finished-at="2014-08-26T21:29:18Z">
          <reporter-output>
          </reporter-output>
        </test-method> <!-- verificaQuelasInstanciasSenIguales -->
        <test-method status="PASS" signature="verificaQuelasInstanciasSenIguales()[pri:0, instance:co.edu.uelbosque.controller.TestFileManager@9bb8a29]" name="verificaQuelasInstanciasSenIguales" duration-ms="1088" started-at="2014-08-26T21:29:15Z" finished-at="2014-08-26T21:29:16Z">
          <reporter-output>
          </reporter-output>
        </test-method> <!-- verificaQuelasInstanciasSenIguales -->
        <test-method status="PASS" signature="verificaQuelasInstanciasSenIguales()[pri:0, instance:co.edu.uelbosque.controller.TestFileManager@9bb8a29]" name="verificaQuelasInstanciasSenIguales" duration-ms="4216" started-at="2014-08-26T21:29:15Z" finished-at="2014-08-26T21:29:19Z">
          <reporter-output>
          </reporter-output>
        </test-method> <!-- verificaQuelasInstanciasSenIguales -->
        <test-method status="PASS" signature="verificaQuelasInstanciasSenIguales()[pri:0, instance:co.edu.uelbosque.controller.TestFileManager@9bb8a29]" name="verificaQuelasInstanciasSenIguales" duration-ms="1591" started-at="2014-08-26T21:29:15Z" finished-at="2014-08-26T21:29:17Z">
          <reporter-output>
          </reporter-output>
        </test-method> <!-- verificaQuelasInstanciasSenIguales -->
        <test-method status="PASS" signature="verificaQuelasInstanciasSenIguales()[pri:0, instance:co.edu.uelbosque.controller.TestFileManager@9bb8a29]" name="verificaQuelasInstanciasSenIguales" duration-ms="1590" started-at="2014-08-26T21:29:15Z" finished-at="2014-08-26T21:29:17Z">
          <reporter-output>
          </reporter-output>
        </test-method> <!-- verificaQuelasInstanciasSenIguales -->
        <test-method status="PASS" signature="verificaQuelasInstanciasSenIguales()[pri:0, instance:co.edu.uelbosque.controller.TestFileManager@9bb8a29]" name="verificaQuelasInstanciasSenIguales" duration-ms="4238" started-at="2014-08-26T21:29:15Z" finished-at="2014-08-26T21:29:19Z">
          <reporter-output>
          </reporter-output>
        </test-method> <!-- verificaQuelasInstanciasSenIguales -->
        <test-method status="PASS" signature="verificaQuelasInstanciasSenIguales()[pri:0, instance:co.edu.uelbosque.controller.TestFileManager@9bb8a29]" name="verificaQuelasInstanciasSenIguales" duration-ms="1863" started-at="2014-08-26T21:29:15Z" finished-at="2014-08-26T21:29:17Z">
          <reporter-output>
          </reporter-output>
        </test-method> <!-- verificaQuelasInstanciasSenIguales -->
        <test-method status="PASS" signature="verificaQuelasInstanciasSenIguales()[pri:0, instance:co.edu.uelbosque.controller.TestFileManager@9bb8a29]" name="verificaQuelasInstanciasSenIguales" duration-ms="2617" started-at="2014-08-26T21:29:15Z" finished-at="2014-08-26T21:29:18Z">
          <reporter-output>
          </reporter-output>
        </test-method> <!-- verificaQuelasInstanciasSenIguales -->
        <test-method status="PASS" signature="verificaQuelasInstanciasSenIguales()[pri:0, instance:co.edu.uelbosque.controller.TestFileManager@9bb8a29]" name="verificaQuelasInstanciasSenIguales" duration-ms="745" started-at="2014-08-26T21:29:15Z" finished-at="2014-08-26T21:29:16Z">
          <reporter-output>
          </reporter-output>
        </test-method> <!-- verificaQuelasInstanciasSenIguales -->
      </class> <!-- co.edu.uelbosque.controller.TestFileManager -->
    </test> <!-- Command line test -->
  </suite> <!-- co.edu.uelbosque.controller.TestFileManager -->
</testng-results>
