<?xml version="1.0" encoding="UTF-8" ?>
<testsuite failures="1" time="112.036" errors="0" skipped="0" tests="101" name="co.edu.uelbosque.controller.TestFileManager">
  <properties>
[...]
</properties>
  <testcase time="104.758" classname="co.edu.uelbosque.controller.TestFileManager" name="debeCrearUnBufferDeLaImagen">
    <failure message="Java heap space" type="java.lang.OutOfMemoryError">java.lang.OutOfMemoryError: Java heap space
	at java.util.Arrays.copyOf(Arrays.java:2271)
	at java.io.ByteArrayOutputStream.grow(ByteArrayOutputStream.java:113)
	at java.io.ByteArrayOutputStream.ensureCapacity(ByteArrayOutputStream.java:93)
	at java.io.ByteArrayOutputStream.write(ByteArrayOutputStream.java:122)
	at co.edu.uelbosque.controller.ImageManager.getImage(ImageManager.java:49)
	at co.edu.uelbosque.controller.TestFileManager.debeCrearUnBufferDeLaImagen(TestFileManager.java:45)
</failure>
  </testcase>
  <testcase time="0.169" classname="co.edu.uelbosque.controller.TestFileManager" name="verificaQuelasInstanciasSenIguales"/>
  <testcase time="0.17" classname="co.edu.uelbosque.controller.TestFileManager" name="verificaQuelasInstanciasSenIguales"/>
  <testcase time="0.17" classname="co.edu.uelbosque.controller.TestFileManager" name="verificaQuelasInstanciasSenIguales"/>
  <testcase time="0.17" classname="co.edu.uelbosque.controller.TestFileManager" name="verificaQuelasInstanciasSenIguales"/>
  <testcase time="0.17" classname="co.edu.uelbosque.controller.TestFileManager" name="verificaQuelasInstanciasSenIguales"/>
  <testcase time="0.17" classname="co.edu.uelbosque.controller.TestFileManager" name="verificaQuelasInstanciasSenIguales"/>
  <testcase time="0.17" classname="co.edu.uelbosque.controller.TestFileManager" name="verificaQuelasInstanciasSenIguales"/>
  <testcase time="0.177" classname="co.edu.uelbosque.controller.TestFileManager" name="verificaQuelasInstanciasSenIguales"/>
  <testcase time="0.396" classname="co.edu.uelbosque.controller.TestFileManager" name="verificaQuelasInstanciasSenIguales"/>
  <testcase time="0.397" classname="co.edu.uelbosque.controller.TestFileManager" name="verificaQuelasInstanciasSenIguales"/>
  <testcase time="0.397" classname="co.edu.uelbosque.controller.TestFileManager" name="verificaQuelasInstanciasSenIguales"/>
  <testcase time="0.404" classname="co.edu.uelbosque.controller.TestFileManager" name="verificaQuelasInstanciasSenIguales"/>
  <testcase time="0.433" classname="co.edu.uelbosque.controller.TestFileManager" name="verificaQuelasInstanciasSenIguales"/>
  <testcase time="0.561" classname="co.edu.uelbosque.controller.TestFileManager" name="verificaQuelasInstanciasSenIguales"/>
  <testcase time="0.561" classname="co.edu.uelbosque.controller.TestFileManager" name="verificaQuelasInstanciasSenIguales"/>
  <testcase time="0.652" classname="co.edu.uelbosque.controller.TestFileManager" name="verificaQuelasInstanciasSenIguales"/>
  <testcase time="0.653" classname="co.edu.uelbosque.controller.TestFileManager" name="verificaQuelasInstanciasSenIguales"/>
  <testcase time="0.653" classname="co.edu.uelbosque.controller.TestFileManager" name="verificaQuelasInstanciasSenIguales"/>
  <testcase time="0.683" classname="co.edu.uelbosque.controller.TestFileManager" name="verificaQuelasInstanciasSenIguales"/>
  <testcase time="0.744" classname="co.edu.uelbosque.controller.TestFileManager" name="verificaQuelasInstanciasSenIguales"/>
  <testcase time="0.809" classname="co.edu.uelbosque.controller.TestFileManager" name="verificaQuelasInstanciasSenIguales"/>
  <testcase time="0.94" classname="co.edu.uelbosque.controller.TestFileManager" name="verificaQuelasInstanciasSenIguales"/>
  <testcase time="0.94" classname="co.edu.uelbosque.controller.TestFileManager" name="verificaQuelasInstanciasSenIguales"/>
  <testcase time="1.067" classname="co.edu.uelbosque.controller.TestFileManager" name="verificaQuelasInstanciasSenIguales"/>
  <testcase time="1.152" classname="co.edu.uelbosque.controller.TestFileManager" name="verificaQuelasInstanciasSenIguales"/>
  <testcase time="1.152" classname="co.edu.uelbosque.controller.TestFileManager" name="verificaQuelasInstanciasSenIguales"/>
  <testcase time="1.188" classname="co.edu.uelbosque.controller.TestFileManager" name="verificaQuelasInstanciasSenIguales"/>
  <testcase time="1.188" classname="co.edu.uelbosque.controller.TestFileManager" name="verificaQuelasInstanciasSenIguales"/>
  <testcase time="1.316" classname="co.edu.uelbosque.controller.TestFileManager" name="verificaQuelasInstanciasSenIguales"/>
  <testcase time="1.316" classname="co.edu.uelbosque.controller.TestFileManager" name="verificaQuelasInstanciasSenIguales"/>
  <testcase time="1.573" classname="co.edu.uelbosque.controller.TestFileManager" name="verificaQuelasInstanciasSenIguales"/>
  <testcase time="1.574" classname="co.edu.uelbosque.controller.TestFileManager" name="verificaQuelasInstanciasSenIguales"/>
  <testcase time="1.853" classname="co.edu.uelbosque.controller.TestFileManager" name="verificaQuelasInstanciasSenIguales"/>
  <testcase time="2.006" classname="co.edu.uelbosque.controller.TestFileManager" name="verificaQuelasInstanciasSenIguales"/>
  <testcase time="2.007" classname="co.edu.uelbosque.controller.TestFileManager" name="verificaQuelasInstanciasSenIguales"/>
  <testcase time="2.233" classname="co.edu.uelbosque.controller.TestFileManager" name="verificaQuelasInstanciasSenIguales"/>
  <testcase time="2.234" classname="co.edu.uelbosque.controller.TestFileManager" name="verificaQuelasInstanciasSenIguales"/>
  <testcase time="2.234" classname="co.edu.uelbosque.controller.TestFileManager" name="verificaQuelasInstanciasSenIguales"/>
  <testcase time="2.482" classname="co.edu.uelbosque.controller.TestFileManager" name="verificaQuelasInstanciasSenIguales"/>
  <testcase time="2.482" classname="co.edu.uelbosque.controller.TestFileManager" name="verificaQuelasInstanciasSenIguales"/>
  <testcase time="2.482" classname="co.edu.uelbosque.controller.TestFileManager" name="verificaQuelasInstanciasSenIguales"/>
  <testcase time="2.482" classname="co.edu.uelbosque.controller.TestFileManager" name="verificaQuelasInstanciasSenIguales"/>
  <testcase time="2.483" classname="co.edu.uelbosque.controller.TestFileManager" name="verificaQuelasInstanciasSenIguales"/>
  <testcase time="2.483" classname="co.edu.uelbosque.controller.TestFileManager" name="verificaQuelasInstanciasSenIguales"/>
  <testcase time="2.483" classname="co.edu.uelbosque.controller.TestFileManager" name="verificaQuelasInstanciasSenIguales"/>
  <testcase time="2.483" classname="co.edu.uelbosque.controller.TestFileManager" name="verificaQuelasInstanciasSenIguales"/>
  <testcase time="2.512" classname="co.edu.uelbosque.controller.TestFileManager" name="verificaQuelasInstanciasSenIguales"/>
  <testcase time="2.523" classname="co.edu.uelbosque.controller.TestFileManager" name="verificaQuelasInstanciasSenIguales"/>
  <testcase time="2.554" classname="co.edu.uelbosque.controller.TestFileManager" name="verificaQuelasInstanciasSenIguales"/>
  <testcase time="2.616" classname="co.edu.uelbosque.controller.TestFileManager" name="verificaQuelasInstanciasSenIguales"/>
  <testcase time="2.641" classname="co.edu.uelbosque.controller.TestFileManager" name="verificaQuelasInstanciasSenIguales"/>
  <testcase time="2.641" classname="co.edu.uelbosque.controller.TestFileManager" name="verificaQuelasInstanciasSenIguales"/>
  <testcase time="2.769" classname="co.edu.uelbosque.controller.TestFileManager" name="verificaQuelasInstanciasSenIguales"/>
  <testcase time="2.803" classname="co.edu.uelbosque.controller.TestFileManager" name="verificaQuelasInstanciasSenIguales"/>
  <testcase time="2.935" classname="co.edu.uelbosque.controller.TestFileManager" name="verificaQuelasInstanciasSenIguales"/>
  <testcase time="2.935" classname="co.edu.uelbosque.controller.TestFileManager" name="verificaQuelasInstanciasSenIguales"/>
  <testcase time="3.029" classname="co.edu.uelbosque.controller.TestFileManager" name="verificaQuelasInstanciasSenIguales"/>
  <testcase time="3.029" classname="co.edu.uelbosque.controller.TestFileManager" name="verificaQuelasInstanciasSenIguales"/>
  <testcase time="3.059" classname="co.edu.uelbosque.controller.TestFileManager" name="verificaQuelasInstanciasSenIguales"/>
  <testcase time="3.06" classname="co.edu.uelbosque.controller.TestFileManager" name="verificaQuelasInstanciasSenIguales"/>
  <testcase time="3.147" classname="co.edu.uelbosque.controller.TestFileManager" name="verificaQuelasInstanciasSenIguales"/>
  <testcase time="3.147" classname="co.edu.uelbosque.controller.TestFileManager" name="verificaQuelasInstanciasSenIguales"/>
  <testcase time="3.183" classname="co.edu.uelbosque.controller.TestFileManager" name="verificaQuelasInstanciasSenIguales"/>
  <testcase time="3.183" classname="co.edu.uelbosque.controller.TestFileManager" name="verificaQuelasInstanciasSenIguales"/>
  <testcase time="3.184" classname="co.edu.uelbosque.controller.TestFileManager" name="verificaQuelasInstanciasSenIguales"/>
  <testcase time="3.279" classname="co.edu.uelbosque.controller.TestFileManager" name="verificaQuelasInstanciasSenIguales"/>
  <testcase time="3.309" classname="co.edu.uelbosque.controller.TestFileManager" name="verificaQuelasInstanciasSenIguales"/>
  <testcase time="3.309" classname="co.edu.uelbosque.controller.TestFileManager" name="verificaQuelasInstanciasSenIguales"/>
  <testcase time="3.44" classname="co.edu.uelbosque.controller.TestFileManager" name="verificaQuelasInstanciasSenIguales"/>
  <testcase time="3.441" classname="co.edu.uelbosque.controller.TestFileManager" name="verificaQuelasInstanciasSenIguales"/>
  <testcase time="3.525" classname="co.edu.uelbosque.controller.TestFileManager" name="verificaQuelasInstanciasSenIguales"/>
  <testcase time="3.565" classname="co.edu.uelbosque.controller.TestFileManager" name="verificaQuelasInstanciasSenIguales"/>
  <testcase time="3.566" classname="co.edu.uelbosque.controller.TestFileManager" name="verificaQuelasInstanciasSenIguales"/>
  <testcase time="3.689" classname="co.edu.uelbosque.controller.TestFileManager" name="verificaQuelasInstanciasSenIguales"/>
  <testcase time="3.689" classname="co.edu.uelbosque.controller.TestFileManager" name="verificaQuelasInstanciasSenIguales"/>
  <testcase time="3.69" classname="co.edu.uelbosque.controller.TestFileManager" name="verificaQuelasInstanciasSenIguales"/>
  <testcase time="3.814" classname="co.edu.uelbosque.controller.TestFileManager" name="verificaQuelasInstanciasSenIguales"/>
  <testcase time="3.814" classname="co.edu.uelbosque.controller.TestFileManager" name="verificaQuelasInstanciasSenIguales"/>
  <testcase time="3.815" classname="co.edu.uelbosque.controller.TestFileManager" name="verificaQuelasInstanciasSenIguales"/>
  <testcase time="4.077" classname="co.edu.uelbosque.controller.TestFileManager" name="verificaQuelasInstanciasSenIguales"/>
  <testcase time="4.195" classname="co.edu.uelbosque.controller.TestFileManager" name="verificaQuelasInstanciasSenIguales"/>
  <testcase time="4.225" classname="co.edu.uelbosque.controller.TestFileManager" name="verificaQuelasInstanciasSenIguales"/>
  <testcase time="4.384" classname="co.edu.uelbosque.controller.TestFileManager" name="verificaQuelasInstanciasSenIguales"/>
  <testcase time="4.86" classname="co.edu.uelbosque.controller.TestFileManager" name="verificaQuelasInstanciasSenIguales"/>
  <testcase time="4.86" classname="co.edu.uelbosque.controller.TestFileManager" name="verificaQuelasInstanciasSenIguales"/>
  <testcase time="4.861" classname="co.edu.uelbosque.controller.TestFileManager" name="verificaQuelasInstanciasSenIguales"/>
  <testcase time="4.861" classname="co.edu.uelbosque.controller.TestFileManager" name="verificaQuelasInstanciasSenIguales"/>
  <testcase time="4.861" classname="co.edu.uelbosque.controller.TestFileManager" name="verificaQuelasInstanciasSenIguales"/>
  <testcase time="4.861" classname="co.edu.uelbosque.controller.TestFileManager" name="verificaQuelasInstanciasSenIguales"/>
  <testcase time="4.861" classname="co.edu.uelbosque.controller.TestFileManager" name="verificaQuelasInstanciasSenIguales"/>
  <testcase time="4.861" classname="co.edu.uelbosque.controller.TestFileManager" name="verificaQuelasInstanciasSenIguales"/>
  <testcase time="4.861" classname="co.edu.uelbosque.controller.TestFileManager" name="verificaQuelasInstanciasSenIguales"/>
  <testcase time="4.861" classname="co.edu.uelbosque.controller.TestFileManager" name="verificaQuelasInstanciasSenIguales"/>
  <testcase time="4.861" classname="co.edu.uelbosque.controller.TestFileManager" name="verificaQuelasInstanciasSenIguales"/>
  <testcase time="4.861" classname="co.edu.uelbosque.controller.TestFileManager" name="verificaQuelasInstanciasSenIguales"/>
  <testcase time="4.861" classname="co.edu.uelbosque.controller.TestFileManager" name="verificaQuelasInstanciasSenIguales"/>
  <testcase time="4.862" classname="co.edu.uelbosque.controller.TestFileManager" name="verificaQuelasInstanciasSenIguales"/>
  <testcase time="4.862" classname="co.edu.uelbosque.controller.TestFileManager" name="verificaQuelasInstanciasSenIguales"/>
  <testcase time="4.897" classname="co.edu.uelbosque.controller.TestFileManager" name="verificaQuelasInstanciasSenIguales"/>
  <testcase time="4.927" classname="co.edu.uelbosque.controller.TestFileManager" name="verificaQuelasInstanciasSenIguales"/>
</testsuite>