<?xml version="1.0" encoding="UTF-8" ?>
<testsuite failures="0" time="11.881" errors="0" skipped="0" tests="101" name="co.edu.uelbosque.controller.TestFileManager">
  <properties>
[...]
</properties>
  <testcase time="4.213" classname="co.edu.uelbosque.controller.TestFileManager" name="debeCrearUnBufferDeLaImagen"/>
  <testcase time="0.004" classname="co.edu.uelbosque.controller.TestFileManager" name="verificaQuelasInstanciasSenIguales"/>
  <testcase time="0.058" classname="co.edu.uelbosque.controller.TestFileManager" name="verificaQuelasInstanciasSenIguales"/>
  <testcase time="0.058" classname="co.edu.uelbosque.controller.TestFileManager" name="verificaQuelasInstanciasSenIguales"/>
  <testcase time="0.134" classname="co.edu.uelbosque.controller.TestFileManager" name="verificaQuelasInstanciasSenIguales"/>
  <testcase time="0.22" classname="co.edu.uelbosque.controller.TestFileManager" name="verificaQuelasInstanciasSenIguales"/>
  <testcase time="0.29" classname="co.edu.uelbosque.controller.TestFileManager" name="verificaQuelasInstanciasSenIguales"/>
  <testcase time="0.291" classname="co.edu.uelbosque.controller.TestFileManager" name="verificaQuelasInstanciasSenIguales"/>
  <testcase time="0.469" classname="co.edu.uelbosque.controller.TestFileManager" name="verificaQuelasInstanciasSenIguales"/>
  <testcase time="0.469" classname="co.edu.uelbosque.controller.TestFileManager" name="verificaQuelasInstanciasSenIguales"/>
  <testcase time="0.469" classname="co.edu.uelbosque.controller.TestFileManager" name="verificaQuelasInstanciasSenIguales"/>
  <testcase time="0.51" classname="co.edu.uelbosque.controller.TestFileManager" name="verificaQuelasInstanciasSenIguales"/>
  <testcase time="0.51" classname="co.edu.uelbosque.controller.TestFileManager" name="verificaQuelasInstanciasSenIguales"/>
  <testcase time="0.51" classname="co.edu.uelbosque.controller.TestFileManager" name="verificaQuelasInstanciasSenIguales"/>
  <testcase time="0.539" classname="co.edu.uelbosque.controller.TestFileManager" name="verificaQuelasInstanciasSenIguales"/>
  <testcase time="0.539" classname="co.edu.uelbosque.controller.TestFileManager" name="verificaQuelasInstanciasSenIguales"/>
  <testcase time="0.54" classname="co.edu.uelbosque.controller.TestFileManager" name="verificaQuelasInstanciasSenIguales"/>
  <testcase time="0.594" classname="co.edu.uelbosque.controller.TestFileManager" name="verificaQuelasInstanciasSenIguales"/>
  <testcase time="0.594" classname="co.edu.uelbosque.controller.TestFileManager" name="verificaQuelasInstanciasSenIguales"/>
  <testcase time="0.594" classname="co.edu.uelbosque.controller.TestFileManager" name="verificaQuelasInstanciasSenIguales"/>
  <testcase time="0.85" classname="co.edu.uelbosque.controller.TestFileManager" name="verificaQuelasInstanciasSenIguales"/>
  <testcase time="0.975" classname="co.edu.uelbosque.controller.TestFileManager" name="verificaQuelasInstanciasSenIguales"/>
  <testcase time="0.975" classname="co.edu.uelbosque.controller.TestFileManager" name="verificaQuelasInstanciasSenIguales"/>
  <testcase time="0.975" classname="co.edu.uelbosque.controller.TestFileManager" name="verificaQuelasInstanciasSenIguales"/>
  <testcase time="1.047" classname="co.edu.uelbosque.controller.TestFileManager" name="verificaQuelasInstanciasSenIguales"/>
  <testcase time="1.101" classname="co.edu.uelbosque.controller.TestFileManager" name="verificaQuelasInstanciasSenIguales"/>
  <testcase time="1.101" classname="co.edu.uelbosque.controller.TestFileManager" name="verificaQuelasInstanciasSenIguales"/>
  <testcase time="1.231" classname="co.edu.uelbosque.controller.TestFileManager" name="verificaQuelasInstanciasSenIguales"/>
  <testcase time="1.232" classname="co.edu.uelbosque.controller.TestFileManager" name="verificaQuelasInstanciasSenIguales"/>
  <testcase time="1.241" classname="co.edu.uelbosque.controller.TestFileManager" name="verificaQuelasInstanciasSenIguales"/>
  <testcase time="1.242" classname="co.edu.uelbosque.controller.TestFileManager" name="verificaQuelasInstanciasSenIguales"/>
  <testcase time="1.481" classname="co.edu.uelbosque.controller.TestFileManager" name="verificaQuelasInstanciasSenIguales"/>
  <testcase time="1.481" classname="co.edu.uelbosque.controller.TestFileManager" name="verificaQuelasInstanciasSenIguales"/>
  <testcase time="1.482" classname="co.edu.uelbosque.controller.TestFileManager" name="verificaQuelasInstanciasSenIguales"/>
  <testcase time="1.482" classname="co.edu.uelbosque.controller.TestFileManager" name="verificaQuelasInstanciasSenIguales"/>
  <testcase time="1.482" classname="co.edu.uelbosque.controller.TestFileManager" name="verificaQuelasInstanciasSenIguales"/>
  <testcase time="1.482" classname="co.edu.uelbosque.controller.TestFileManager" name="verificaQuelasInstanciasSenIguales"/>
  <testcase time="1.621" classname="co.edu.uelbosque.controller.TestFileManager" name="verificaQuelasInstanciasSenIguales"/>
  <testcase time="1.705" classname="co.edu.uelbosque.controller.TestFileManager" name="verificaQuelasInstanciasSenIguales"/>
  <testcase time="1.87" classname="co.edu.uelbosque.controller.TestFileManager" name="verificaQuelasInstanciasSenIguales"/>
  <testcase time="1.871" classname="co.edu.uelbosque.controller.TestFileManager" name="verificaQuelasInstanciasSenIguales"/>
  <testcase time="1.997" classname="co.edu.uelbosque.controller.TestFileManager" name="verificaQuelasInstanciasSenIguales"/>
  <testcase time="2.129" classname="co.edu.uelbosque.controller.TestFileManager" name="verificaQuelasInstanciasSenIguales"/>
  <testcase time="2.129" classname="co.edu.uelbosque.controller.TestFileManager" name="verificaQuelasInstanciasSenIguales"/>
  <testcase time="2.34" classname="co.edu.uelbosque.controller.TestFileManager" name="verificaQuelasInstanciasSenIguales"/>
  <testcase time="2.377" classname="co.edu.uelbosque.controller.TestFileManager" name="verificaQuelasInstanciasSenIguales"/>
  <testcase time="2.378" classname="co.edu.uelbosque.controller.TestFileManager" name="verificaQuelasInstanciasSenIguales"/>
  <testcase time="2.378" classname="co.edu.uelbosque.controller.TestFileManager" name="verificaQuelasInstanciasSenIguales"/>
  <testcase time="2.431" classname="co.edu.uelbosque.controller.TestFileManager" name="verificaQuelasInstanciasSenIguales"/>
  <testcase time="2.431" classname="co.edu.uelbosque.controller.TestFileManager" name="verificaQuelasInstanciasSenIguales"/>
  <testcase time="2.431" classname="co.edu.uelbosque.controller.TestFileManager" name="verificaQuelasInstanciasSenIguales"/>
  <testcase time="2.432" classname="co.edu.uelbosque.controller.TestFileManager" name="verificaQuelasInstanciasSenIguales"/>
  <testcase time="2.588" classname="co.edu.uelbosque.controller.TestFileManager" name="verificaQuelasInstanciasSenIguales"/>
  <testcase time="2.635" classname="co.edu.uelbosque.controller.TestFileManager" name="verificaQuelasInstanciasSenIguales"/>
  <testcase time="2.635" classname="co.edu.uelbosque.controller.TestFileManager" name="verificaQuelasInstanciasSenIguales"/>
  <testcase time="2.664" classname="co.edu.uelbosque.controller.TestFileManager" name="verificaQuelasInstanciasSenIguales"/>
  <testcase time="2.665" classname="co.edu.uelbosque.controller.TestFileManager" name="verificaQuelasInstanciasSenIguales"/>
  <testcase time="2.718" classname="co.edu.uelbosque.controller.TestFileManager" name="verificaQuelasInstanciasSenIguales"/>
  <testcase time="2.718" classname="co.edu.uelbosque.controller.TestFileManager" name="verificaQuelasInstanciasSenIguales"/>
  <testcase time="2.719" classname="co.edu.uelbosque.controller.TestFileManager" name="verificaQuelasInstanciasSenIguales"/>
  <testcase time="2.719" classname="co.edu.uelbosque.controller.TestFileManager" name="verificaQuelasInstanciasSenIguales"/>
  <testcase time="2.719" classname="co.edu.uelbosque.controller.TestFileManager" name="verificaQuelasInstanciasSenIguales"/>
  <testcase time="2.719" classname="co.edu.uelbosque.controller.TestFileManager" name="verificaQuelasInstanciasSenIguales"/>
  <testcase time="2.727" classname="co.edu.uelbosque.controller.TestFileManager" name="verificaQuelasInstanciasSenIguales"/>
  <testcase time="2.759" classname="co.edu.uelbosque.controller.TestFileManager" name="verificaQuelasInstanciasSenIguales"/>
  <testcase time="2.884" classname="co.edu.uelbosque.controller.TestFileManager" name="verificaQuelasInstanciasSenIguales"/>
  <testcase time="2.884" classname="co.edu.uelbosque.controller.TestFileManager" name="verificaQuelasInstanciasSenIguales"/>
  <testcase time="2.884" classname="co.edu.uelbosque.controller.TestFileManager" name="verificaQuelasInstanciasSenIguales"/>
  <testcase time="2.968" classname="co.edu.uelbosque.controller.TestFileManager" name="verificaQuelasInstanciasSenIguales"/>
  <testcase time="3.008" classname="co.edu.uelbosque.controller.TestFileManager" name="verificaQuelasInstanciasSenIguales"/>
  <testcase time="3.094" classname="co.edu.uelbosque.controller.TestFileManager" name="verificaQuelasInstanciasSenIguales"/>
  <testcase time="3.225" classname="co.edu.uelbosque.controller.TestFileManager" name="verificaQuelasInstanciasSenIguales"/>
  <testcase time="3.352" classname="co.edu.uelbosque.controller.TestFileManager" name="verificaQuelasInstanciasSenIguales"/>
  <testcase time="3.352" classname="co.edu.uelbosque.controller.TestFileManager" name="verificaQuelasInstanciasSenIguales"/>
  <testcase time="3.352" classname="co.edu.uelbosque.controller.TestFileManager" name="verificaQuelasInstanciasSenIguales"/>
  <testcase time="3.352" classname="co.edu.uelbosque.controller.TestFileManager" name="verificaQuelasInstanciasSenIguales"/>
  <testcase time="3.474" classname="co.edu.uelbosque.controller.TestFileManager" name="verificaQuelasInstanciasSenIguales"/>
  <testcase time="3.602" classname="co.edu.uelbosque.controller.TestFileManager" name="verificaQuelasInstanciasSenIguales"/>
  <testcase time="4.108" classname="co.edu.uelbosque.controller.TestFileManager" name="verificaQuelasInstanciasSenIguales"/>
  <testcase time="4.108" classname="co.edu.uelbosque.controller.TestFileManager" name="verificaQuelasInstanciasSenIguales"/>
  <testcase time="4.108" classname="co.edu.uelbosque.controller.TestFileManager" name="verificaQuelasInstanciasSenIguales"/>
  <testcase time="4.108" classname="co.edu.uelbosque.controller.TestFileManager" name="verificaQuelasInstanciasSenIguales"/>
  <testcase time="4.108" classname="co.edu.uelbosque.controller.TestFileManager" name="verificaQuelasInstanciasSenIguales"/>
  <testcase time="4.109" classname="co.edu.uelbosque.controller.TestFileManager" name="verificaQuelasInstanciasSenIguales"/>
  <testcase time="4.12" classname="co.edu.uelbosque.controller.TestFileManager" name="verificaQuelasInstanciasSenIguales"/>
  <testcase time="4.121" classname="co.edu.uelbosque.controller.TestFileManager" name="verificaQuelasInstanciasSenIguales"/>
  <testcase time="4.248" classname="co.edu.uelbosque.controller.TestFileManager" name="verificaQuelasInstanciasSenIguales"/>
  <testcase time="4.248" classname="co.edu.uelbosque.controller.TestFileManager" name="verificaQuelasInstanciasSenIguales"/>
  <testcase time="4.303" classname="co.edu.uelbosque.controller.TestFileManager" name="verificaQuelasInstanciasSenIguales"/>
  <testcase time="4.303" classname="co.edu.uelbosque.controller.TestFileManager" name="verificaQuelasInstanciasSenIguales"/>
  <testcase time="4.303" classname="co.edu.uelbosque.controller.TestFileManager" name="verificaQuelasInstanciasSenIguales"/>
  <testcase time="4.303" classname="co.edu.uelbosque.controller.TestFileManager" name="verificaQuelasInstanciasSenIguales"/>
  <testcase time="4.303" classname="co.edu.uelbosque.controller.TestFileManager" name="verificaQuelasInstanciasSenIguales"/>
  <testcase time="4.303" classname="co.edu.uelbosque.controller.TestFileManager" name="verificaQuelasInstanciasSenIguales"/>
  <testcase time="4.304" classname="co.edu.uelbosque.controller.TestFileManager" name="verificaQuelasInstanciasSenIguales"/>
  <testcase time="4.37" classname="co.edu.uelbosque.controller.TestFileManager" name="verificaQuelasInstanciasSenIguales"/>
  <testcase time="4.497" classname="co.edu.uelbosque.controller.TestFileManager" name="verificaQuelasInstanciasSenIguales"/>
  <testcase time="4.498" classname="co.edu.uelbosque.controller.TestFileManager" name="verificaQuelasInstanciasSenIguales"/>
  <testcase time="4.714" classname="co.edu.uelbosque.controller.TestFileManager" name="verificaQuelasInstanciasSenIguales"/>
  <testcase time="4.754" classname="co.edu.uelbosque.controller.TestFileManager" name="verificaQuelasInstanciasSenIguales"/>
  <testcase time="4.877" classname="co.edu.uelbosque.controller.TestFileManager" name="verificaQuelasInstanciasSenIguales"/>
</testsuite>