<?xml version="1.0" encoding="UTF-8"?>
<testng-results skipped="0" failed="0" total="101" passed="101">
  <reporter-output>
  </reporter-output>
  <suite name="co.edu.uelbosque.controller.TestFileManager" duration-ms="5121" started-at="2014-09-02T00:34:05Z" finished-at="2014-09-02T00:34:11Z">
    <groups>
    </groups>
    <test name="Command line test" duration-ms="5121" started-at="2014-09-02T00:34:05Z" finished-at="2014-09-02T00:34:11Z">
      <class name="co.edu.uelbosque.controller.TestFileManager">
        <test-method status="PASS" signature="debeCrearUnBufferDeLaImagen()[pri:0, instance:co.edu.uelbosque.controller.TestFileManager@9bb8a29]" name="debeCrearUnBufferDeLaImagen" duration-ms="46" started-at="2014-09-01T19:34:05Z" finished-at="2014-09-01T19:34:06Z">
          <reporter-output>
          </reporter-output>
        </test-method> <!-- debeCrearUnBufferDeLaImagen -->
        <test-method status="PASS" signature="verificaQuelasInstanciasSenIguales()[pri:0, instance:co.edu.uelbosque.controller.TestFileManager@9bb8a29]" name="verificaQuelasInstanciasSenIguales" duration-ms="1717" started-at="2014-09-01T19:34:06Z" finished-at="2014-09-01T19:34:07Z">
          <reporter-output>
          </reporter-output>
        </test-method> <!-- verificaQuelasInstanciasSenIguales -->
        <test-method status="PASS" signature="verificaQuelasInstanciasSenIguales()[pri:0, instance:co.edu.uelbosque.controller.TestFileManager@9bb8a29]" name="verificaQuelasInstanciasSenIguales" duration-ms="1717" started-at="2014-09-01T19:34:06Z" finished-at="2014-09-01T19:34:07Z">
          <reporter-output>
          </reporter-output>
        </test-method> <!-- verificaQuelasInstanciasSenIguales -->
        <test-method status="PASS" signature="verificaQuelasInstanciasSenIguales()[pri:0, instance:co.edu.uelbosque.controller.TestFileManager@9bb8a29]" name="verificaQuelasInstanciasSenIguales" duration-ms="3588" started-at="2014-09-01T19:34:06Z" finished-at="2014-09-01T19:34:09Z">
          <reporter-output>
          </reporter-output>
        </test-method> <!-- verificaQuelasInstanciasSenIguales -->
        <test-method status="PASS" signature="verificaQuelasInstanciasSenIguales()[pri:0, instance:co.edu.uelbosque.controller.TestFileManager@9bb8a29]" name="verificaQuelasInstanciasSenIguales" duration-ms="4115" started-at="2014-09-01T19:34:06Z" finished-at="2014-09-01T19:34:10Z">
          <reporter-output>
          </reporter-output>
        </test-method> <!-- verificaQuelasInstanciasSenIguales -->
        <test-method status="PASS" signature="verificaQuelasInstanciasSenIguales()[pri:0, instance:co.edu.uelbosque.controller.TestFileManager@9bb8a29]" name="verificaQuelasInstanciasSenIguales" duration-ms="1738" started-at="2014-09-01T19:34:06Z" finished-at="2014-09-01T19:34:07Z">
          <reporter-output>
          </reporter-output>
        </test-method> <!-- verificaQuelasInstanciasSenIguales -->
        <test-method status="PASS" signature="verificaQuelasInstanciasSenIguales()[pri:0, instance:co.edu.uelbosque.controller.TestFileManager@9bb8a29]" name="verificaQuelasInstanciasSenIguales" duration-ms="1488" started-at="2014-09-01T19:34:06Z" finished-at="2014-09-01T19:34:07Z">
          <reporter-output>
          </reporter-output>
        </test-method> <!-- verificaQuelasInstanciasSenIguales -->
        <test-method status="PASS" signature="verificaQuelasInstanciasSenIguales()[pri:0, instance:co.edu.uelbosque.controller.TestFileManager@9bb8a29]" name="verificaQuelasInstanciasSenIguales" duration-ms="4363" started-at="2014-09-01T19:34:06Z" finished-at="2014-09-01T19:34:10Z">
          <reporter-output>
          </reporter-output>
        </test-method> <!-- verificaQuelasInstanciasSenIguales -->
        <test-method status="PASS" signature="verificaQuelasInstanciasSenIguales()[pri:0, instance:co.edu.uelbosque.controller.TestFileManager@9bb8a29]" name="verificaQuelasInstanciasSenIguales" duration-ms="4363" started-at="2014-09-01T19:34:06Z" finished-at="2014-09-01T19:34:10Z">
          <reporter-output>
          </reporter-output>
        </test-method> <!-- verificaQuelasInstanciasSenIguales -->
        <test-method status="PASS" signature="verificaQuelasInstanciasSenIguales()[pri:0, instance:co.edu.uelbosque.controller.TestFileManager@9bb8a29]" name="verificaQuelasInstanciasSenIguales" duration-ms="2240" started-at="2014-09-01T19:34:06Z" finished-at="2014-09-01T19:34:08Z">
          <reporter-output>
          </reporter-output>
        </test-method> <!-- verificaQuelasInstanciasSenIguales -->
        <test-method status="PASS" signature="verificaQuelasInstanciasSenIguales()[pri:0, instance:co.edu.uelbosque.controller.TestFileManager@9bb8a29]" name="verificaQuelasInstanciasSenIguales" duration-ms="2239" started-at="2014-09-01T19:34:06Z" finished-at="2014-09-01T19:34:08Z">
          <reporter-output>
          </reporter-output>
        </test-method> <!-- verificaQuelasInstanciasSenIguales -->
        <test-method status="PASS" signature="verificaQuelasInstanciasSenIguales()[pri:0, instance:co.edu.uelbosque.controller.TestFileManager@9bb8a29]" name="verificaQuelasInstanciasSenIguales" duration-ms="2239" started-at="2014-09-01T19:34:06Z" finished-at="2014-09-01T19:34:08Z">
          <reporter-output>
          </reporter-output>
        </test-method> <!-- verificaQuelasInstanciasSenIguales -->
        <test-method status="PASS" signature="verificaQuelasInstanciasSenIguales()[pri:0, instance:co.edu.uelbosque.controller.TestFileManager@9bb8a29]" name="verificaQuelasInstanciasSenIguales" duration-ms="1989" started-at="2014-09-01T19:34:06Z" finished-at="2014-09-01T19:34:08Z">
          <reporter-output>
          </reporter-output>
        </test-method> <!-- verificaQuelasInstanciasSenIguales -->
        <test-method status="PASS" signature="verificaQuelasInstanciasSenIguales()[pri:0, instance:co.edu.uelbosque.controller.TestFileManager@9bb8a29]" name="verificaQuelasInstanciasSenIguales" duration-ms="2742" started-at="2014-09-01T19:34:06Z" finished-at="2014-09-01T19:34:08Z">
          <reporter-output>
          </reporter-output>
        </test-method> <!-- verificaQuelasInstanciasSenIguales -->
        <test-method status="PASS" signature="verificaQuelasInstanciasSenIguales()[pri:0, instance:co.edu.uelbosque.controller.TestFileManager@9bb8a29]" name="verificaQuelasInstanciasSenIguales" duration-ms="2741" started-at="2014-09-01T19:34:06Z" finished-at="2014-09-01T19:34:08Z">
          <reporter-output>
          </reporter-output>
        </test-method> <!-- verificaQuelasInstanciasSenIguales -->
        <test-method status="PASS" signature="verificaQuelasInstanciasSenIguales()[pri:0, instance:co.edu.uelbosque.controller.TestFileManager@9bb8a29]" name="verificaQuelasInstanciasSenIguales" duration-ms="369" started-at="2014-09-01T19:34:06Z" finished-at="2014-09-01T19:34:06Z">
          <reporter-output>
          </reporter-output>
        </test-method> <!-- verificaQuelasInstanciasSenIguales -->
        <test-method status="PASS" signature="verificaQuelasInstanciasSenIguales()[pri:0, instance:co.edu.uelbosque.controller.TestFileManager@9bb8a29]" name="verificaQuelasInstanciasSenIguales" duration-ms="2742" started-at="2014-09-01T19:34:06Z" finished-at="2014-09-01T19:34:08Z">
          <reporter-output>
          </reporter-output>
        </test-method> <!-- verificaQuelasInstanciasSenIguales -->
        <test-method status="PASS" signature="verificaQuelasInstanciasSenIguales()[pri:0, instance:co.edu.uelbosque.controller.TestFileManager@9bb8a29]" name="verificaQuelasInstanciasSenIguales" duration-ms="2491" started-at="2014-09-01T19:34:06Z" finished-at="2014-09-01T19:34:08Z">
          <reporter-output>
          </reporter-output>
        </test-method> <!-- verificaQuelasInstanciasSenIguales -->
        <test-method status="PASS" signature="verificaQuelasInstanciasSenIguales()[pri:0, instance:co.edu.uelbosque.controller.TestFileManager@9bb8a29]" name="verificaQuelasInstanciasSenIguales" duration-ms="2491" started-at="2014-09-01T19:34:06Z" finished-at="2014-09-01T19:34:08Z">
          <reporter-output>
          </reporter-output>
        </test-method> <!-- verificaQuelasInstanciasSenIguales -->
        <test-method status="PASS" signature="verificaQuelasInstanciasSenIguales()[pri:0, instance:co.edu.uelbosque.controller.TestFileManager@9bb8a29]" name="verificaQuelasInstanciasSenIguales" duration-ms="2490" started-at="2014-09-01T19:34:06Z" finished-at="2014-09-01T19:34:08Z">
          <reporter-output>
          </reporter-output>
        </test-method> <!-- verificaQuelasInstanciasSenIguales -->
        <test-method status="PASS" signature="verificaQuelasInstanciasSenIguales()[pri:0, instance:co.edu.uelbosque.controller.TestFileManager@9bb8a29]" name="verificaQuelasInstanciasSenIguales" duration-ms="117" started-at="2014-09-01T19:34:06Z" finished-at="2014-09-01T19:34:06Z">
          <reporter-output>
          </reporter-output>
        </test-method> <!-- verificaQuelasInstanciasSenIguales -->
        <test-method status="PASS" signature="verificaQuelasInstanciasSenIguales()[pri:0, instance:co.edu.uelbosque.controller.TestFileManager@9bb8a29]" name="verificaQuelasInstanciasSenIguales" duration-ms="116" started-at="2014-09-01T19:34:06Z" finished-at="2014-09-01T19:34:06Z">
          <reporter-output>
          </reporter-output>
        </test-method> <!-- verificaQuelasInstanciasSenIguales -->
        <test-method status="PASS" signature="verificaQuelasInstanciasSenIguales()[pri:0, instance:co.edu.uelbosque.controller.TestFileManager@9bb8a29]" name="verificaQuelasInstanciasSenIguales" duration-ms="117" started-at="2014-09-01T19:34:06Z" finished-at="2014-09-01T19:34:06Z">
          <reporter-output>
          </reporter-output>
        </test-method> <!-- verificaQuelasInstanciasSenIguales -->
        <test-method status="PASS" signature="verificaQuelasInstanciasSenIguales()[pri:0, instance:co.edu.uelbosque.controller.TestFileManager@9bb8a29]" name="verificaQuelasInstanciasSenIguales" duration-ms="3243" started-at="2014-09-01T19:34:06Z" finished-at="2014-09-01T19:34:09Z">
          <reporter-output>
          </reporter-output>
        </test-method> <!-- verificaQuelasInstanciasSenIguales -->
        <test-method status="PASS" signature="verificaQuelasInstanciasSenIguales()[pri:0, instance:co.edu.uelbosque.controller.TestFileManager@9bb8a29]" name="verificaQuelasInstanciasSenIguales" duration-ms="870" started-at="2014-09-01T19:34:06Z" finished-at="2014-09-01T19:34:06Z">
          <reporter-output>
          </reporter-output>
        </test-method> <!-- verificaQuelasInstanciasSenIguales -->
        <test-method status="PASS" signature="verificaQuelasInstanciasSenIguales()[pri:0, instance:co.edu.uelbosque.controller.TestFileManager@9bb8a29]" name="verificaQuelasInstanciasSenIguales" duration-ms="619" started-at="2014-09-01T19:34:06Z" finished-at="2014-09-01T19:34:06Z">
          <reporter-output>
          </reporter-output>
        </test-method> <!-- verificaQuelasInstanciasSenIguales -->
        <test-method status="PASS" signature="verificaQuelasInstanciasSenIguales()[pri:0, instance:co.edu.uelbosque.controller.TestFileManager@9bb8a29]" name="verificaQuelasInstanciasSenIguales" duration-ms="2992" started-at="2014-09-01T19:34:06Z" finished-at="2014-09-01T19:34:09Z">
          <reporter-output>
          </reporter-output>
        </test-method> <!-- verificaQuelasInstanciasSenIguales -->
        <test-method status="PASS" signature="verificaQuelasInstanciasSenIguales()[pri:0, instance:co.edu.uelbosque.controller.TestFileManager@9bb8a29]" name="verificaQuelasInstanciasSenIguales" duration-ms="2993" started-at="2014-09-01T19:34:06Z" finished-at="2014-09-01T19:34:09Z">
          <reporter-output>
          </reporter-output>
        </test-method> <!-- verificaQuelasInstanciasSenIguales -->
        <test-method status="PASS" signature="verificaQuelasInstanciasSenIguales()[pri:0, instance:co.edu.uelbosque.controller.TestFileManager@9bb8a29]" name="verificaQuelasInstanciasSenIguales" duration-ms="2355" started-at="2014-09-01T19:34:06Z" finished-at="2014-09-01T19:34:08Z">
          <reporter-output>
          </reporter-output>
        </test-method> <!-- verificaQuelasInstanciasSenIguales -->
        <test-method status="PASS" signature="verificaQuelasInstanciasSenIguales()[pri:0, instance:co.edu.uelbosque.controller.TestFileManager@9bb8a29]" name="verificaQuelasInstanciasSenIguales" duration-ms="2354" started-at="2014-09-01T19:34:06Z" finished-at="2014-09-01T19:34:08Z">
          <reporter-output>
          </reporter-output>
        </test-method> <!-- verificaQuelasInstanciasSenIguales -->
        <test-method status="PASS" signature="verificaQuelasInstanciasSenIguales()[pri:0, instance:co.edu.uelbosque.controller.TestFileManager@9bb8a29]" name="verificaQuelasInstanciasSenIguales" duration-ms="4480" started-at="2014-09-01T19:34:06Z" finished-at="2014-09-01T19:34:10Z">
          <reporter-output>
          </reporter-output>
        </test-method> <!-- verificaQuelasInstanciasSenIguales -->
        <test-method status="PASS" signature="verificaQuelasInstanciasSenIguales()[pri:0, instance:co.edu.uelbosque.controller.TestFileManager@9bb8a29]" name="verificaQuelasInstanciasSenIguales" duration-ms="4478" started-at="2014-09-01T19:34:06Z" finished-at="2014-09-01T19:34:10Z">
          <reporter-output>
          </reporter-output>
        </test-method> <!-- verificaQuelasInstanciasSenIguales -->
        <test-method status="PASS" signature="verificaQuelasInstanciasSenIguales()[pri:0, instance:co.edu.uelbosque.controller.TestFileManager@9bb8a29]" name="verificaQuelasInstanciasSenIguales" duration-ms="4477" started-at="2014-09-01T19:34:06Z" finished-at="2014-09-01T19:34:10Z">
          <reporter-output>
          </reporter-output>
        </test-method> <!-- verificaQuelasInstanciasSenIguales -->
        <test-method status="PASS" signature="verificaQuelasInstanciasSenIguales()[pri:0, instance:co.edu.uelbosque.controller.TestFileManager@9bb8a29]" name="verificaQuelasInstanciasSenIguales" duration-ms="4980" started-at="2014-09-01T19:34:06Z" finished-at="2014-09-01T19:34:11Z">
          <reporter-output>
          </reporter-output>
        </test-method> <!-- verificaQuelasInstanciasSenIguales -->
        <test-method status="PASS" signature="verificaQuelasInstanciasSenIguales()[pri:0, instance:co.edu.uelbosque.controller.TestFileManager@9bb8a29]" name="verificaQuelasInstanciasSenIguales" duration-ms="4980" started-at="2014-09-01T19:34:06Z" finished-at="2014-09-01T19:34:11Z">
          <reporter-output>
          </reporter-output>
        </test-method> <!-- verificaQuelasInstanciasSenIguales -->
        <test-method status="PASS" signature="verificaQuelasInstanciasSenIguales()[pri:0, instance:co.edu.uelbosque.controller.TestFileManager@9bb8a29]" name="verificaQuelasInstanciasSenIguales" duration-ms="2606" started-at="2014-09-01T19:34:06Z" finished-at="2014-09-01T19:34:08Z">
          <reporter-output>
          </reporter-output>
        </test-method> <!-- verificaQuelasInstanciasSenIguales -->
        <test-method status="PASS" signature="verificaQuelasInstanciasSenIguales()[pri:0, instance:co.edu.uelbosque.controller.TestFileManager@9bb8a29]" name="verificaQuelasInstanciasSenIguales" duration-ms="733" started-at="2014-09-01T19:34:06Z" finished-at="2014-09-01T19:34:06Z">
          <reporter-output>
          </reporter-output>
        </test-method> <!-- verificaQuelasInstanciasSenIguales -->
        <test-method status="PASS" signature="verificaQuelasInstanciasSenIguales()[pri:0, instance:co.edu.uelbosque.controller.TestFileManager@9bb8a29]" name="verificaQuelasInstanciasSenIguales" duration-ms="2605" started-at="2014-09-01T19:34:06Z" finished-at="2014-09-01T19:34:08Z">
          <reporter-output>
          </reporter-output>
        </test-method> <!-- verificaQuelasInstanciasSenIguales -->
        <test-method status="PASS" signature="verificaQuelasInstanciasSenIguales()[pri:0, instance:co.edu.uelbosque.controller.TestFileManager@9bb8a29]" name="verificaQuelasInstanciasSenIguales" duration-ms="732" started-at="2014-09-01T19:34:06Z" finished-at="2014-09-01T19:34:06Z">
          <reporter-output>
          </reporter-output>
        </test-method> <!-- verificaQuelasInstanciasSenIguales -->
        <test-method status="PASS" signature="verificaQuelasInstanciasSenIguales()[pri:0, instance:co.edu.uelbosque.controller.TestFileManager@9bb8a29]" name="verificaQuelasInstanciasSenIguales" duration-ms="733" started-at="2014-09-01T19:34:06Z" finished-at="2014-09-01T19:34:06Z">
          <reporter-output>
          </reporter-output>
        </test-method> <!-- verificaQuelasInstanciasSenIguales -->
        <test-method status="PASS" signature="verificaQuelasInstanciasSenIguales()[pri:0, instance:co.edu.uelbosque.controller.TestFileManager@9bb8a29]" name="verificaQuelasInstanciasSenIguales" duration-ms="482" started-at="2014-09-01T19:34:06Z" finished-at="2014-09-01T19:34:06Z">
          <reporter-output>
          </reporter-output>
        </test-method> <!-- verificaQuelasInstanciasSenIguales -->
        <test-method status="PASS" signature="verificaQuelasInstanciasSenIguales()[pri:0, instance:co.edu.uelbosque.controller.TestFileManager@9bb8a29]" name="verificaQuelasInstanciasSenIguales" duration-ms="482" started-at="2014-09-01T19:34:06Z" finished-at="2014-09-01T19:34:06Z">
          <reporter-output>
          </reporter-output>
        </test-method> <!-- verificaQuelasInstanciasSenIguales -->
        <test-method status="PASS" signature="verificaQuelasInstanciasSenIguales()[pri:0, instance:co.edu.uelbosque.controller.TestFileManager@9bb8a29]" name="verificaQuelasInstanciasSenIguales" duration-ms="3109" started-at="2014-09-01T19:34:06Z" finished-at="2014-09-01T19:34:09Z">
          <reporter-output>
          </reporter-output>
        </test-method> <!-- verificaQuelasInstanciasSenIguales -->
        <test-method status="PASS" signature="verificaQuelasInstanciasSenIguales()[pri:0, instance:co.edu.uelbosque.controller.TestFileManager@9bb8a29]" name="verificaQuelasInstanciasSenIguales" duration-ms="3108" started-at="2014-09-01T19:34:06Z" finished-at="2014-09-01T19:34:09Z">
          <reporter-output>
          </reporter-output>
        </test-method> <!-- verificaQuelasInstanciasSenIguales -->
        <test-method status="PASS" signature="verificaQuelasInstanciasSenIguales()[pri:0, instance:co.edu.uelbosque.controller.TestFileManager@9bb8a29]" name="verificaQuelasInstanciasSenIguales" duration-ms="3108" started-at="2014-09-01T19:34:06Z" finished-at="2014-09-01T19:34:09Z">
          <reporter-output>
          </reporter-output>
        </test-method> <!-- verificaQuelasInstanciasSenIguales -->
        <test-method status="PASS" signature="verificaQuelasInstanciasSenIguales()[pri:0, instance:co.edu.uelbosque.controller.TestFileManager@9bb8a29]" name="verificaQuelasInstanciasSenIguales" duration-ms="3860" started-at="2014-09-01T19:34:06Z" finished-at="2014-09-01T19:34:09Z">
          <reporter-output>
          </reporter-output>
        </test-method> <!-- verificaQuelasInstanciasSenIguales -->
        <test-method status="PASS" signature="verificaQuelasInstanciasSenIguales()[pri:0, instance:co.edu.uelbosque.controller.TestFileManager@9bb8a29]" name="verificaQuelasInstanciasSenIguales" duration-ms="983" started-at="2014-09-01T19:34:06Z" finished-at="2014-09-01T19:34:07Z">
          <reporter-output>
          </reporter-output>
        </test-method> <!-- verificaQuelasInstanciasSenIguales -->
        <test-method status="PASS" signature="verificaQuelasInstanciasSenIguales()[pri:0, instance:co.edu.uelbosque.controller.TestFileManager@9bb8a29]" name="verificaQuelasInstanciasSenIguales" duration-ms="989" started-at="2014-09-01T19:34:06Z" finished-at="2014-09-01T19:34:07Z">
          <reporter-output>
          </reporter-output>
        </test-method> <!-- verificaQuelasInstanciasSenIguales -->
        <test-method status="PASS" signature="verificaQuelasInstanciasSenIguales()[pri:0, instance:co.edu.uelbosque.controller.TestFileManager@9bb8a29]" name="verificaQuelasInstanciasSenIguales" duration-ms="4117" started-at="2014-09-01T19:34:06Z" finished-at="2014-09-01T19:34:10Z">
          <reporter-output>
          </reporter-output>
        </test-method> <!-- verificaQuelasInstanciasSenIguales -->
        <test-method status="PASS" signature="verificaQuelasInstanciasSenIguales()[pri:0, instance:co.edu.uelbosque.controller.TestFileManager@9bb8a29]" name="verificaQuelasInstanciasSenIguales" duration-ms="3866" started-at="2014-09-01T19:34:06Z" finished-at="2014-09-01T19:34:09Z">
          <reporter-output>
          </reporter-output>
        </test-method> <!-- verificaQuelasInstanciasSenIguales -->
        <test-method status="PASS" signature="verificaQuelasInstanciasSenIguales()[pri:0, instance:co.edu.uelbosque.controller.TestFileManager@9bb8a29]" name="verificaQuelasInstanciasSenIguales" duration-ms="1491" started-at="2014-09-01T19:34:06Z" finished-at="2014-09-01T19:34:07Z">
          <reporter-output>
          </reporter-output>
        </test-method> <!-- verificaQuelasInstanciasSenIguales -->
        <test-method status="PASS" signature="verificaQuelasInstanciasSenIguales()[pri:0, instance:co.edu.uelbosque.controller.TestFileManager@9bb8a29]" name="verificaQuelasInstanciasSenIguales" duration-ms="2244" started-at="2014-09-01T19:34:06Z" finished-at="2014-09-01T19:34:08Z">
          <reporter-output>
          </reporter-output>
        </test-method> <!-- verificaQuelasInstanciasSenIguales -->
        <test-method status="PASS" signature="verificaQuelasInstanciasSenIguales()[pri:0, instance:co.edu.uelbosque.controller.TestFileManager@9bb8a29]" name="verificaQuelasInstanciasSenIguales" duration-ms="4368" started-at="2014-09-01T19:34:06Z" finished-at="2014-09-01T19:34:10Z">
          <reporter-output>
          </reporter-output>
        </test-method> <!-- verificaQuelasInstanciasSenIguales -->
        <test-method status="PASS" signature="verificaQuelasInstanciasSenIguales()[pri:0, instance:co.edu.uelbosque.controller.TestFileManager@9bb8a29]" name="verificaQuelasInstanciasSenIguales" duration-ms="1992" started-at="2014-09-01T19:34:06Z" finished-at="2014-09-01T19:34:08Z">
          <reporter-output>
          </reporter-output>
        </test-method> <!-- verificaQuelasInstanciasSenIguales -->
        <test-method status="PASS" signature="verificaQuelasInstanciasSenIguales()[pri:0, instance:co.edu.uelbosque.controller.TestFileManager@9bb8a29]" name="verificaQuelasInstanciasSenIguales" duration-ms="120" started-at="2014-09-01T19:34:06Z" finished-at="2014-09-01T19:34:06Z">
          <reporter-output>
          </reporter-output>
        </test-method> <!-- verificaQuelasInstanciasSenIguales -->
        <test-method status="PASS" signature="verificaQuelasInstanciasSenIguales()[pri:0, instance:co.edu.uelbosque.controller.TestFileManager@9bb8a29]" name="verificaQuelasInstanciasSenIguales" duration-ms="121" started-at="2014-09-01T19:34:06Z" finished-at="2014-09-01T19:34:06Z">
          <reporter-output>
          </reporter-output>
        </test-method> <!-- verificaQuelasInstanciasSenIguales -->
        <test-method status="PASS" signature="verificaQuelasInstanciasSenIguales()[pri:0, instance:co.edu.uelbosque.controller.TestFileManager@9bb8a29]" name="verificaQuelasInstanciasSenIguales" duration-ms="2746" started-at="2014-09-01T19:34:06Z" finished-at="2014-09-01T19:34:08Z">
          <reporter-output>
          </reporter-output>
        </test-method> <!-- verificaQuelasInstanciasSenIguales -->
        <test-method status="PASS" signature="verificaQuelasInstanciasSenIguales()[pri:0, instance:co.edu.uelbosque.controller.TestFileManager@9bb8a29]" name="verificaQuelasInstanciasSenIguales" duration-ms="4870" started-at="2014-09-01T19:34:06Z" finished-at="2014-09-01T19:34:10Z">
          <reporter-output>
          </reporter-output>
        </test-method> <!-- verificaQuelasInstanciasSenIguales -->
        <test-method status="PASS" signature="verificaQuelasInstanciasSenIguales()[pri:0, instance:co.edu.uelbosque.controller.TestFileManager@9bb8a29]" name="verificaQuelasInstanciasSenIguales" duration-ms="4869" started-at="2014-09-01T19:34:06Z" finished-at="2014-09-01T19:34:10Z">
          <reporter-output>
          </reporter-output>
        </test-method> <!-- verificaQuelasInstanciasSenIguales -->
        <test-method status="PASS" signature="verificaQuelasInstanciasSenIguales()[pri:0, instance:co.edu.uelbosque.controller.TestFileManager@9bb8a29]" name="verificaQuelasInstanciasSenIguales" duration-ms="3980" started-at="2014-09-01T19:34:06Z" finished-at="2014-09-01T19:34:10Z">
          <reporter-output>
          </reporter-output>
        </test-method> <!-- verificaQuelasInstanciasSenIguales -->
        <test-method status="PASS" signature="verificaQuelasInstanciasSenIguales()[pri:0, instance:co.edu.uelbosque.controller.TestFileManager@9bb8a29]" name="verificaQuelasInstanciasSenIguales" duration-ms="2108" started-at="2014-09-01T19:34:06Z" finished-at="2014-09-01T19:34:08Z">
          <reporter-output>
          </reporter-output>
        </test-method> <!-- verificaQuelasInstanciasSenIguales -->
        <test-method status="PASS" signature="verificaQuelasInstanciasSenIguales()[pri:0, instance:co.edu.uelbosque.controller.TestFileManager@9bb8a29]" name="verificaQuelasInstanciasSenIguales" duration-ms="4732" started-at="2014-09-01T19:34:06Z" finished-at="2014-09-01T19:34:10Z">
          <reporter-output>
          </reporter-output>
        </test-method> <!-- verificaQuelasInstanciasSenIguales -->
        <test-method status="PASS" signature="verificaQuelasInstanciasSenIguales()[pri:0, instance:co.edu.uelbosque.controller.TestFileManager@9bb8a29]" name="verificaQuelasInstanciasSenIguales" duration-ms="1857" started-at="2014-09-01T19:34:06Z" finished-at="2014-09-01T19:34:07Z">
          <reporter-output>
          </reporter-output>
        </test-method> <!-- verificaQuelasInstanciasSenIguales -->
        <test-method status="PASS" signature="verificaQuelasInstanciasSenIguales()[pri:0, instance:co.edu.uelbosque.controller.TestFileManager@9bb8a29]" name="verificaQuelasInstanciasSenIguales" duration-ms="1856" started-at="2014-09-01T19:34:06Z" finished-at="2014-09-01T19:34:07Z">
          <reporter-output>
          </reporter-output>
        </test-method> <!-- verificaQuelasInstanciasSenIguales -->
        <test-method status="PASS" signature="verificaQuelasInstanciasSenIguales()[pri:0, instance:co.edu.uelbosque.controller.TestFileManager@9bb8a29]" name="verificaQuelasInstanciasSenIguales" duration-ms="1857" started-at="2014-09-01T19:34:06Z" finished-at="2014-09-01T19:34:07Z">
          <reporter-output>
          </reporter-output>
        </test-method> <!-- verificaQuelasInstanciasSenIguales -->
        <test-method status="PASS" signature="verificaQuelasInstanciasSenIguales()[pri:0, instance:co.edu.uelbosque.controller.TestFileManager@9bb8a29]" name="verificaQuelasInstanciasSenIguales" duration-ms="4481" started-at="2014-09-01T19:34:06Z" finished-at="2014-09-01T19:34:10Z">
          <reporter-output>
          </reporter-output>
        </test-method> <!-- verificaQuelasInstanciasSenIguales -->
        <test-method status="PASS" signature="verificaQuelasInstanciasSenIguales()[pri:0, instance:co.edu.uelbosque.controller.TestFileManager@9bb8a29]" name="verificaQuelasInstanciasSenIguales" duration-ms="4481" started-at="2014-09-01T19:34:06Z" finished-at="2014-09-01T19:34:10Z">
          <reporter-output>
          </reporter-output>
        </test-method> <!-- verificaQuelasInstanciasSenIguales -->
        <test-method status="PASS" signature="verificaQuelasInstanciasSenIguales()[pri:0, instance:co.edu.uelbosque.controller.TestFileManager@9bb8a29]" name="verificaQuelasInstanciasSenIguales" duration-ms="4481" started-at="2014-09-01T19:34:06Z" finished-at="2014-09-01T19:34:10Z">
          <reporter-output>
          </reporter-output>
        </test-method> <!-- verificaQuelasInstanciasSenIguales -->
        <test-method status="PASS" signature="verificaQuelasInstanciasSenIguales()[pri:0, instance:co.edu.uelbosque.controller.TestFileManager@9bb8a29]" name="verificaQuelasInstanciasSenIguales" duration-ms="2610" started-at="2014-09-01T19:34:06Z" finished-at="2014-09-01T19:34:08Z">
          <reporter-output>
          </reporter-output>
        </test-method> <!-- verificaQuelasInstanciasSenIguales -->
        <test-method status="PASS" signature="verificaQuelasInstanciasSenIguales()[pri:0, instance:co.edu.uelbosque.controller.TestFileManager@9bb8a29]" name="verificaQuelasInstanciasSenIguales" duration-ms="2609" started-at="2014-09-01T19:34:06Z" finished-at="2014-09-01T19:34:08Z">
          <reporter-output>
          </reporter-output>
        </test-method> <!-- verificaQuelasInstanciasSenIguales -->
        <test-method status="PASS" signature="verificaQuelasInstanciasSenIguales()[pri:0, instance:co.edu.uelbosque.controller.TestFileManager@9bb8a29]" name="verificaQuelasInstanciasSenIguales" duration-ms="4985" started-at="2014-09-01T19:34:06Z" finished-at="2014-09-01T19:34:11Z">
          <reporter-output>
          </reporter-output>
        </test-method> <!-- verificaQuelasInstanciasSenIguales -->
        <test-method status="PASS" signature="verificaQuelasInstanciasSenIguales()[pri:0, instance:co.edu.uelbosque.controller.TestFileManager@9bb8a29]" name="verificaQuelasInstanciasSenIguales" duration-ms="4984" started-at="2014-09-01T19:34:06Z" finished-at="2014-09-01T19:34:11Z">
          <reporter-output>
          </reporter-output>
        </test-method> <!-- verificaQuelasInstanciasSenIguales -->
        <test-method status="PASS" signature="verificaQuelasInstanciasSenIguales()[pri:0, instance:co.edu.uelbosque.controller.TestFileManager@9bb8a29]" name="verificaQuelasInstanciasSenIguales" duration-ms="4985" started-at="2014-09-01T19:34:06Z" finished-at="2014-09-01T19:34:11Z">
          <reporter-output>
          </reporter-output>
        </test-method> <!-- verificaQuelasInstanciasSenIguales -->
        <test-method status="PASS" signature="verificaQuelasInstanciasSenIguales()[pri:0, instance:co.edu.uelbosque.controller.TestFileManager@9bb8a29]" name="verificaQuelasInstanciasSenIguales" duration-ms="3111" started-at="2014-09-01T19:34:06Z" finished-at="2014-09-01T19:34:09Z">
          <reporter-output>
          </reporter-output>
        </test-method> <!-- verificaQuelasInstanciasSenIguales -->
        <test-method status="PASS" signature="verificaQuelasInstanciasSenIguales()[pri:0, instance:co.edu.uelbosque.controller.TestFileManager@9bb8a29]" name="verificaQuelasInstanciasSenIguales" duration-ms="3111" started-at="2014-09-01T19:34:06Z" finished-at="2014-09-01T19:34:09Z">
          <reporter-output>
          </reporter-output>
        </test-method> <!-- verificaQuelasInstanciasSenIguales -->
        <test-method status="PASS" signature="verificaQuelasInstanciasSenIguales()[pri:0, instance:co.edu.uelbosque.controller.TestFileManager@9bb8a29]" name="verificaQuelasInstanciasSenIguales" duration-ms="487" started-at="2014-09-01T19:34:06Z" finished-at="2014-09-01T19:34:06Z">
          <reporter-output>
          </reporter-output>
        </test-method> <!-- verificaQuelasInstanciasSenIguales -->
        <test-method status="PASS" signature="verificaQuelasInstanciasSenIguales()[pri:0, instance:co.edu.uelbosque.controller.TestFileManager@9bb8a29]" name="verificaQuelasInstanciasSenIguales" duration-ms="487" started-at="2014-09-01T19:34:06Z" finished-at="2014-09-01T19:34:06Z">
          <reporter-output>
          </reporter-output>
        </test-method> <!-- verificaQuelasInstanciasSenIguales -->
        <test-method status="PASS" signature="verificaQuelasInstanciasSenIguales()[pri:0, instance:co.edu.uelbosque.controller.TestFileManager@9bb8a29]" name="verificaQuelasInstanciasSenIguales" duration-ms="486" started-at="2014-09-01T19:34:06Z" finished-at="2014-09-01T19:34:06Z">
          <reporter-output>
          </reporter-output>
        </test-method> <!-- verificaQuelasInstanciasSenIguales -->
        <test-method status="PASS" signature="verificaQuelasInstanciasSenIguales()[pri:0, instance:co.edu.uelbosque.controller.TestFileManager@9bb8a29]" name="verificaQuelasInstanciasSenIguales" duration-ms="7" started-at="2014-09-01T19:34:06Z" finished-at="2014-09-01T19:34:06Z">
          <reporter-output>
          </reporter-output>
        </test-method> <!-- verificaQuelasInstanciasSenIguales -->
        <test-method status="PASS" signature="verificaQuelasInstanciasSenIguales()[pri:0, instance:co.edu.uelbosque.controller.TestFileManager@9bb8a29]" name="verificaQuelasInstanciasSenIguales" duration-ms="6" started-at="2014-09-01T19:34:06Z" finished-at="2014-09-01T19:34:06Z">
          <reporter-output>
          </reporter-output>
        </test-method> <!-- verificaQuelasInstanciasSenIguales -->
        <test-method status="PASS" signature="verificaQuelasInstanciasSenIguales()[pri:0, instance:co.edu.uelbosque.controller.TestFileManager@9bb8a29]" name="verificaQuelasInstanciasSenIguales" duration-ms="3134" started-at="2014-09-01T19:34:06Z" finished-at="2014-09-01T19:34:09Z">
          <reporter-output>
          </reporter-output>
        </test-method> <!-- verificaQuelasInstanciasSenIguales -->
        <test-method status="PASS" signature="verificaQuelasInstanciasSenIguales()[pri:0, instance:co.edu.uelbosque.controller.TestFileManager@9bb8a29]" name="verificaQuelasInstanciasSenIguales" duration-ms="3134" started-at="2014-09-01T19:34:06Z" finished-at="2014-09-01T19:34:09Z">
          <reporter-output>
          </reporter-output>
        </test-method> <!-- verificaQuelasInstanciasSenIguales -->
        <test-method status="PASS" signature="verificaQuelasInstanciasSenIguales()[pri:0, instance:co.edu.uelbosque.controller.TestFileManager@9bb8a29]" name="verificaQuelasInstanciasSenIguales" duration-ms="3637" started-at="2014-09-01T19:34:06Z" finished-at="2014-09-01T19:34:09Z">
          <reporter-output>
          </reporter-output>
        </test-method> <!-- verificaQuelasInstanciasSenIguales -->
        <test-method status="PASS" signature="verificaQuelasInstanciasSenIguales()[pri:0, instance:co.edu.uelbosque.controller.TestFileManager@9bb8a29]" name="verificaQuelasInstanciasSenIguales" duration-ms="3637" started-at="2014-09-01T19:34:06Z" finished-at="2014-09-01T19:34:09Z">
          <reporter-output>
          </reporter-output>
        </test-method> <!-- verificaQuelasInstanciasSenIguales -->
        <test-method status="PASS" signature="verificaQuelasInstanciasSenIguales()[pri:0, instance:co.edu.uelbosque.controller.TestFileManager@9bb8a29]" name="verificaQuelasInstanciasSenIguales" duration-ms="3636" started-at="2014-09-01T19:34:06Z" finished-at="2014-09-01T19:34:09Z">
          <reporter-output>
          </reporter-output>
        </test-method> <!-- verificaQuelasInstanciasSenIguales -->
        <test-method status="PASS" signature="verificaQuelasInstanciasSenIguales()[pri:0, instance:co.edu.uelbosque.controller.TestFileManager@9bb8a29]" name="verificaQuelasInstanciasSenIguales" duration-ms="3385" started-at="2014-09-01T19:34:06Z" finished-at="2014-09-01T19:34:09Z">
          <reporter-output>
          </reporter-output>
        </test-method> <!-- verificaQuelasInstanciasSenIguales -->
        <test-method status="PASS" signature="verificaQuelasInstanciasSenIguales()[pri:0, instance:co.edu.uelbosque.controller.TestFileManager@9bb8a29]" name="verificaQuelasInstanciasSenIguales" duration-ms="3385" started-at="2014-09-01T19:34:06Z" finished-at="2014-09-01T19:34:09Z">
          <reporter-output>
          </reporter-output>
        </test-method> <!-- verificaQuelasInstanciasSenIguales -->
        <test-method status="PASS" signature="verificaQuelasInstanciasSenIguales()[pri:0, instance:co.edu.uelbosque.controller.TestFileManager@9bb8a29]" name="verificaQuelasInstanciasSenIguales" duration-ms="3384" started-at="2014-09-01T19:34:06Z" finished-at="2014-09-01T19:34:09Z">
          <reporter-output>
          </reporter-output>
        </test-method> <!-- verificaQuelasInstanciasSenIguales -->
        <test-method status="PASS" signature="verificaQuelasInstanciasSenIguales()[pri:0, instance:co.edu.uelbosque.controller.TestFileManager@9bb8a29]" name="verificaQuelasInstanciasSenIguales" duration-ms="1011" started-at="2014-09-01T19:34:06Z" finished-at="2014-09-01T19:34:07Z">
          <reporter-output>
          </reporter-output>
        </test-method> <!-- verificaQuelasInstanciasSenIguales -->
        <test-method status="PASS" signature="verificaQuelasInstanciasSenIguales()[pri:0, instance:co.edu.uelbosque.controller.TestFileManager@9bb8a29]" name="verificaQuelasInstanciasSenIguales" duration-ms="4139" started-at="2014-09-01T19:34:06Z" finished-at="2014-09-01T19:34:10Z">
          <reporter-output>
          </reporter-output>
        </test-method> <!-- verificaQuelasInstanciasSenIguales -->
        <test-method status="PASS" signature="verificaQuelasInstanciasSenIguales()[pri:0, instance:co.edu.uelbosque.controller.TestFileManager@9bb8a29]" name="verificaQuelasInstanciasSenIguales" duration-ms="4139" started-at="2014-09-01T19:34:06Z" finished-at="2014-09-01T19:34:10Z">
          <reporter-output>
          </reporter-output>
        </test-method> <!-- verificaQuelasInstanciasSenIguales -->
        <test-method status="PASS" signature="verificaQuelasInstanciasSenIguales()[pri:0, instance:co.edu.uelbosque.controller.TestFileManager@9bb8a29]" name="verificaQuelasInstanciasSenIguales" duration-ms="4139" started-at="2014-09-01T19:34:06Z" finished-at="2014-09-01T19:34:10Z">
          <reporter-output>
          </reporter-output>
        </test-method> <!-- verificaQuelasInstanciasSenIguales -->
        <test-method status="PASS" signature="verificaQuelasInstanciasSenIguales()[pri:0, instance:co.edu.uelbosque.controller.TestFileManager@9bb8a29]" name="verificaQuelasInstanciasSenIguales" duration-ms="1763" started-at="2014-09-01T19:34:06Z" finished-at="2014-09-01T19:34:07Z">
          <reporter-output>
          </reporter-output>
        </test-method> <!-- verificaQuelasInstanciasSenIguales -->
        <test-method status="PASS" signature="verificaQuelasInstanciasSenIguales()[pri:0, instance:co.edu.uelbosque.controller.TestFileManager@9bb8a29]" name="verificaQuelasInstanciasSenIguales" duration-ms="1513" started-at="2014-09-01T19:34:06Z" finished-at="2014-09-01T19:34:07Z">
          <reporter-output>
          </reporter-output>
        </test-method> <!-- verificaQuelasInstanciasSenIguales -->
        <test-method status="PASS" signature="verificaQuelasInstanciasSenIguales()[pri:0, instance:co.edu.uelbosque.controller.TestFileManager@9bb8a29]" name="verificaQuelasInstanciasSenIguales" duration-ms="623" started-at="2014-09-01T19:34:06Z" finished-at="2014-09-01T19:34:06Z">
          <reporter-output>
          </reporter-output>
        </test-method> <!-- verificaQuelasInstanciasSenIguales -->
        <test-method status="PASS" signature="verificaQuelasInstanciasSenIguales()[pri:0, instance:co.edu.uelbosque.controller.TestFileManager@9bb8a29]" name="verificaQuelasInstanciasSenIguales" duration-ms="3249" started-at="2014-09-01T19:34:06Z" finished-at="2014-09-01T19:34:09Z">
          <reporter-output>
          </reporter-output>
        </test-method> <!-- verificaQuelasInstanciasSenIguales -->
        <test-method status="PASS" signature="verificaQuelasInstanciasSenIguales()[pri:0, instance:co.edu.uelbosque.controller.TestFileManager@9bb8a29]" name="verificaQuelasInstanciasSenIguales" duration-ms="372" started-at="2014-09-01T19:34:06Z" finished-at="2014-09-01T19:34:06Z">
          <reporter-output>
          </reporter-output>
        </test-method> <!-- verificaQuelasInstanciasSenIguales -->
        <test-method status="PASS" signature="verificaQuelasInstanciasSenIguales()[pri:0, instance:co.edu.uelbosque.controller.TestFileManager@9bb8a29]" name="verificaQuelasInstanciasSenIguales" duration-ms="2997" started-at="2014-09-01T19:34:06Z" finished-at="2014-09-01T19:34:09Z">
          <reporter-output>
          </reporter-output>
        </test-method> <!-- verificaQuelasInstanciasSenIguales -->
        <test-method status="PASS" signature="verificaQuelasInstanciasSenIguales()[pri:0, instance:co.edu.uelbosque.controller.TestFileManager@9bb8a29]" name="verificaQuelasInstanciasSenIguales" duration-ms="4256" started-at="2014-09-01T19:34:06Z" finished-at="2014-09-01T19:34:10Z">
          <reporter-output>
          </reporter-output>
        </test-method> <!-- verificaQuelasInstanciasSenIguales -->
        <test-method status="PASS" signature="verificaQuelasInstanciasSenIguales()[pri:0, instance:co.edu.uelbosque.controller.TestFileManager@9bb8a29]" name="verificaQuelasInstanciasSenIguales" duration-ms="1381" started-at="2014-09-01T19:34:06Z" finished-at="2014-09-01T19:34:07Z">
          <reporter-output>
          </reporter-output>
        </test-method> <!-- verificaQuelasInstanciasSenIguales -->
        <test-method status="PASS" signature="verificaQuelasInstanciasSenIguales()[pri:0, instance:co.edu.uelbosque.controller.TestFileManager@9bb8a29]" name="verificaQuelasInstanciasSenIguales" duration-ms="4006" started-at="2014-09-01T19:34:06Z" finished-at="2014-09-01T19:34:10Z">
          <reporter-output>
          </reporter-output>
        </test-method> <!-- verificaQuelasInstanciasSenIguales -->
      </class> <!-- co.edu.uelbosque.controller.TestFileManager -->
    </test> <!-- Command line test -->
  </suite> <!-- co.edu.uelbosque.controller.TestFileManager -->
</testng-results>
